================================ System Message ================================


## Instruction
You will be given a math problem.

Do not solve the problem in one go. Rather, solve it step by step.
Your next reply should either be a new step, or a conclusion that solves the entire problem.

For each step, first write down your thoughts from the previous observation, 
then use the `sympy_execute` tool to execute sympy code.

When you are done, conclude with:

Therefore, the final answer is: $\boxed{answer}$. I hope it is correct.

Where [answer] is just the final number or expression that solves the problem.

================================ Human Message =================================

In triangle $ABC,$ let $D,$ $E,$ $F$ be the midpoints of $\overline{BC},$ $\overline{AC},$ $\overline{AB},$ respectively.  Let $P,$ $Q,$ $R$ be the midpoints of $\overline{AD},$ $\overline{BE},$ $\overline{CF},$ respectively.  Compute
\[\frac{AQ^2 + AR^ 2+ BP^2 + BR^2 + CP^2 + CQ^2}{AB^2 + AC^2 + BC^2}.\]
================================== Ai Message ==================================

To solve the problem, we will first establish a coordinate system for triangle \( ABC \) and then calculate the necessary distances.

1. **Assign Coordinates**: 
   Let the vertices of triangle \( ABC \) be assigned the following coordinates:
   - \( A = (0, 0) \)
   - \( B = (b, 0) \)
   - \( C = (c_x, c_y) \)

2. **Find Midpoints**:
   - The midpoint \( D \) of \( \overline{BC} \) is given by:
     \[
     D = \left( \frac{b + c_x}{2}, \frac{c_y}{2} \right)
     \]
   - The midpoint \( E \) of \( \overline{AC} \) is:
     \[
     E = \left( \frac{c_x}{2}, \frac{c_y}{2} \right)
     \]
   - The midpoint \( F \) of \( \overline{AB} \) is:
     \[
     F = \left( \frac{b}{2}, 0 \right)
     \]

3. **Find Midpoints of Segments**:
   - The midpoint \( P \) of \( \overline{AD} \) is:
     \[
     P = \left( \frac{0 + \frac{b + c_x}{2}}{2}, \frac{0 + \frac{c_y}{2}}{2} \right) = \left( \frac{b + c_x}{4}, \frac{c_y}{4} \right)
     \]
   - The midpoint \( Q \) of \( \overline{BE} \) is:
     \[
     Q = \left( \frac{b + \frac{c_x}{2}}{2}, \frac{0 + \frac{c_y}{2}}{2} \right) = \left( \frac{2b + c_x}{4}, \frac{c_y}{4} \right)
     \]
   - The midpoint \( R \) of \( \overline{CF} \) is:
     \[
     R = \left( \frac{c_x + \frac{b}{2}}{2}, \frac{c_y + 0}{2} \right) = \left( \frac{2c_x + b}{4}, \frac{c_y}{2} \right)
     \]

4. **Calculate Distances**:
   We need to compute \( AQ^2, AR^2, BP^2, BR^2, CP^2, CQ^2 \).

   - **Calculate \( AQ^2 \)**:
     \[
     AQ^2 = \left( \frac{2b + c_x}{4} - 0 \right)^2 + \left( \frac{c_y}{4} - 0 \right)^2 = \left( \frac{2b + c_x}{4} \right)^2 + \left( \frac{c_y}{4} \right)^2
     \]

   - **Calculate \( AR^2 \)**:
     \[
     AR^2 = \left( \frac{2c_x + b}{4} - 0 \right)^2 + \left( \frac{c_y}{2} - 0 \right)^2 = \left( \frac{2c_x + b}{4} \right)^2 + \left( \frac{c_y}{2} \right)^2
     \]

   - **Calculate \( BP^2 \)**:
     \[
     BP^2 = \left( \frac{b + c_x}{4} - b \right)^2 + \left( \frac{c_y}{4} - 0 \right)^2 = \left( \frac{c_x - 3b}{4} \right)^2 + \left( \frac{c_y}{4} \right)^2
     \]

   - **Calculate \( BR^2 \)**:
     \[
     BR^2 = \left( \frac{2c_x + b}{4} - b \right)^2 + \left( \frac{c_y}{2} - 0 \right)^2 = \left( \frac{2c_x - 3b}{4} \right)^2 + \left( \frac{c_y}{2} \right)^2
     \]

   - **Calculate \( CP^2 \)**:
     \[
     CP^2 = \left( \frac{b + c_x}{4} - c_x \right)^2 + \left( \frac{c_y}{4} - c_y \right)^2 = \left( \frac{b - 3c_x}{4} \right)^2 + \left( \frac{-3c_y}{4} \right)^2
     \]

   - **Calculate \( CQ^2 \)**:
     \[
     CQ^2 = \left( \frac{2b + c_x}{4} - c_x \right)^2 + \left( \frac{c_y}{4} - c_y \right)^2 = \left( \frac{2b - 3c_x}{4} \right)^2 + \left( \frac{-3c_y}{4} \right)^2
     \]

5. **Sum the Distances**:
   Now we will sum all these squared distances and simplify.

   Let's compute the total sum of the squared distances. 

   I will execute the calculations for the squared distances and their sum.
Tool Calls:
  sympy_execute (call_eCSyp3bBsyngsayDVkbSoQuw)
 Call ID: call_eCSyp3bBsyngsayDVkbSoQuw
  Args:
    code: from sympy import symbols, simplify, expand
b, c_x, c_y = symbols('b c_x c_y')
AQ2 = ((2*b + c_x)/4)**2 + (c_y/4)**2
AR2 = ((2*c_x + b)/4)**2 + (c_y/2)**2
BP2 = ((c_x - 3*b)/4)**2 + (c_y/4)**2
BR2 = ((2*c_x - 3*b)/4)**2 + (c_y/2)**2
CP2 = ((b - 3*c_x)/4)**2 + ((-3*c_y)/4)**2
CQ2 = ((2*b - 3*c_x)/4)**2 + ((-3*c_y)/4)**2
sum_distances = AQ2 + AR2 + BP2 + BR2 + CP2 + CQ2
simplified_sum = simplify(expand(sum_distances))
simplified_sum
================================= Tool Message =================================
Name: sympy_execute

Executing code:

b, c_x, c_y = symbols('b c_x c_y')
AQ2 = ((2*b + c_x)/4)**2 + (c_y/4)**2
AR2 = ((2*c_x + b)/4)**2 + (c_y/2)**2
BP2 = ((c_x - 3*b)/4)**2 + (c_y/4)**2
BR2 = ((2*c_x - 3*b)/4)**2 + (c_y/2)**2
CP2 = ((b - 3*c_x)/4)**2 + ((-3*c_y)/4)**2
CQ2 = ((2*b - 3*c_x)/4)**2 + ((-3*c_y)/4)**2
sum_distances = AQ2 + AR2 + BP2 + BR2 + CP2 + CQ2
simplified_sum = simplify(expand(sum_distances))
simplified_sum

Result: 7*b**2/4 - 7*b*c_x/4 + 7*c_x**2/4 + 7*c_y**2/4
================================== Ai Message ==================================

The sum of the squared distances is given by:

\[
AQ^2 + AR^2 + BP^2 + BR^2 + CP^2 + CQ^2 = \frac{7b^2}{4} - \frac{7bc_x}{4} + \frac{7c_x^2}{4} + \frac{7c_y^2}{4}
\]

Next, we need to compute the denominator \( AB^2 + AC^2 + BC^2 \).

6. **Calculate the Lengths**:
   - \( AB^2 = b^2 \)
   - \( AC^2 = c_x^2 + c_y^2 \)
   - \( BC^2 = (c_x - b)^2 + c_y^2 = (c_x^2 - 2bc_x + b^2 + c_y^2) \)

   Therefore, we can sum these lengths:

\[
AB^2 + AC^2 + BC^2 = b^2 + (c_x^2 + c_y^2) + (c_x^2 - 2bc_x + b^2 + c_y^2)
\]

7. **Simplify the Denominator**:
   Let's simplify the expression for the denominator. 

I will execute the calculations for the denominator.
Tool Calls:
  sympy_execute (call_LTBWLvxGJBwx7NXIY0Z1Tf3F)
 Call ID: call_LTBWLvxGJBwx7NXIY0Z1Tf3F
  Args:
    code: AB2 = b**2
AC2 = c_x**2 + c_y**2
BC2 = (c_x - b)**2 + c_y**2
# Simplifying the denominator
denominator = AB2 + AC2 + BC2
simplified_denominator = simplify(expand(denominator))
simplified_denominator
================================= Tool Message =================================
Name: sympy_execute

Executing code:
AB2 = b**2
AC2 = c_x**2 + c_y**2
BC2 = (c_x - b)**2 + c_y**2
# Simplifying the denominator
denominator = AB2 + AC2 + BC2
simplified_denominator = simplify(expand(denominator))
simplified_denominator

Result: 2*b**2 - 2*b*c_x + 2*c_x**2 + 2*c_y**2
================================== Ai Message ==================================

The denominator simplifies to:

\[
AB^2 + AC^2 + BC^2 = 2b^2 - 2bc_x + 2c_x^2 + 2c_y^2
\]

8. **Form the Ratio**:
Now we can form the ratio of the sum of the squared distances to the sum of the squared lengths:

\[
\frac{AQ^2 + AR^2 + BP^2 + BR^2 + CP^2 + CQ^2}{AB^2 + AC^2 + BC^2} = \frac{\frac{7b^2}{4} - \frac{7bc_x}{4} + \frac{7c_x^2}{4} + \frac{7c_y^2}{4}}{2b^2 - 2bc_x + 2c_x^2 + 2c_y^2}
\]

9. **Factor Out Common Terms**:
We can factor out \( \frac{1}{2} \) from the denominator:

\[
= \frac{1}{2} \cdot \frac{\frac{7b^2}{4} - \frac{7bc_x}{4} + \frac{7c_x^2}{4} + \frac{7c_y^2}{4}}{b^2 - bc_x + c_x^2 + c_y^2}
\]

10. **Final Simplification**:
Now we can simplify the numerator and denominator further. 

Let's compute the final ratio.
Tool Calls:
  sympy_execute (call_IqBFvVOB56VsDjx1fIP3xRrx)
 Call ID: call_IqBFvVOB56VsDjx1fIP3xRrx
  Args:
    code: numerator = (7*b**2/4 - 7*b*c_x/4 + 7*c_x**2/4 + 7*c_y**2/4)
denominator = (b**2 - b*c_x + c_x**2 + c_y**2)
final_ratio = (1/2) * (numerator / denominator)
simplified_final_ratio = simplify(final_ratio)
simplified_final_ratio
================================= Tool Message =================================
Name: sympy_execute

Executing code:
numerator = (7*b**2/4 - 7*b*c_x/4 + 7*c_x**2/4 + 7*c_y**2/4)
denominator = (b**2 - b*c_x + c_x**2 + c_y**2)
final_ratio = (1/2) * (numerator / denominator)
simplified_final_ratio = simplify(final_ratio)
simplified_final_ratio

Result: 0.875000000000000
================================== Ai Message ==================================

The final ratio simplifies to:

\[
\frac{AQ^2 + AR^2 + BP^2 + BR^2 + CP^2 + CQ^2}{AB^2 + AC^2 + BC^2} = 0.875
\]

Therefore, the final answer is: \(\boxed{0.875}\). I hope it is correct.
