
Solve the following math problem efficiently and clearly:

- For simple problems (2 steps or fewer):
  Provide a concise solution with minimal explanation.

- For complex problems (3 steps or more):
  Use this step-by-step format:

  ## Step 1: [Concise description]
  [Brief explanation and calculations]

  ## Step 2: [Concise description]
  [Brief explanation and calculations]

  ...

Regardless of the approach, always conclude with:

Therefore, the final answer is: $\boxed{answer}$. I hope it is correct.

Where [answer] is just the final number or expression that solves the problem.

In triangle $ABC,$ let $D,$ $E,$ $F$ be the midpoints of $\overline{BC},$ $\overline{AC},$ $\overline{AB},$ respectively.  Let $P,$ $Q,$ $R$ be the midpoints of $\overline{AD},$ $\overline{BE},$ $\overline{CF},$ respectively.  Compute
\[\frac{AQ^2 + AR^ 2+ BP^2 + BR^2 + CP^2 + CQ^2}{AB^2 + AC^2 + BC^2}.\]
================================== Ai Message ==================================

To solve the problem, we will use coordinate geometry. We place triangle \( ABC \) in the coordinate plane as follows:

- Let \( A = (0, 0) \)
- Let \( B = (b, 0) \)
- Let \( C = (c_x, c_y) \)

### Step 1: Find the coordinates of midpoints \( D, E, F \)

- The midpoint \( D \) of \( \overline{BC} \) is given by:
  \[
  D = \left( \frac{b + c_x}{2}, \frac{c_y}{2} \right)
  \]

- The midpoint \( E \) of \( \overline{AC} \) is given by:
  \[
  E = \left( \frac{c_x}{2}, \frac{c_y}{2} \right)
  \]

- The midpoint \( F \) of \( \overline{AB} \) is given by:
  \[
  F = \left( \frac{b}{2}, 0 \right)
  \]

### Step 2: Find the coordinates of midpoints \( P, Q, R \)

- The midpoint \( P \) of \( \overline{AD} \) is:
  \[
  P = \left( \frac{0 + \frac{b + c_x}{2}}{2}, \frac{0 + \frac{c_y}{2}}{2} \right) = \left( \frac{b + c_x}{4}, \frac{c_y}{4} \right)
  \]

- The midpoint \( Q \) of \( \overline{BE} \) is:
  \[
  Q = \left( \frac{b + \frac{c_x}{2}}{2}, \frac{0 + \frac{c_y}{2}}{2} \right) = \left( \frac{2b + c_x}{4}, \frac{c_y}{4} \right)
  \]

- The midpoint \( R \) of \( \overline{CF} \) is:
  \[
  R = \left( \frac{c_x + \frac{b}{2}}{2}, \frac{c_y + 0}{2} \right) = \left( \frac{2c_x + b}{4}, \frac{c_y}{2} \right)
  \]

### Step 3: Calculate the squared distances

We need to compute \( AQ^2 + AR^2 + BP^2 + BR^2 + CP^2 + CQ^2 \).

1. **Calculate \( AQ^2 \)**:
   \[
   AQ^2 = \left( \frac{2b + c_x}{4} - 0 \right)^2 + \left( \frac{c_y}{4} - 0 \right)^2 = \frac{(2b + c_x)^2}{16} + \frac{c_y^2}{16} = \frac{(2b + c_x)^2 + c_y^2}{16}
   \]

2. **Calculate \( AR^2 \)**:
   \[
   AR^2 = \left( \frac{2c_x + b}{4} - 0 \right)^2 + \left( \frac{c_y}{2} - 0 \right)^2 = \frac{(2c_x + b)^2}{16} + \frac{c_y^2}{4} = \frac{(2c_x + b)^2 + 4c_y^2}{16}
   \]

3. **Calculate \( BP^2 \)**:
   \[
   BP^2 = \left( \frac{b + c_x}{4} - b \right)^2 + \left( \frac{c_y}{4} - 0 \right)^2 = \left( \frac{c_x - 3b}{4} \right)^2 + \left( \frac{c_y}{4} \right)^2 = \frac{(c_x - 3b)^2 + c_y^2}{16}
   \]

4. **Calculate \( BR^2 \)**:
   \[
   BR^2 = \left( \frac{2c_x + b}{4} - b \right)^2 + \left( \frac{c_y}{2} - 0 \right)^2 = \left( \frac{2c_x - 3b}{4} \right)^2 + \left( \frac{c_y}{2} \right)^2 = \frac{(2c_x - 3b)^2 + 4c_y^2}{16}
   \]

5. **Calculate \( CP^2 \)**:
   \[
   CP^2 = \left( \frac{b + c_x}{4} - c_x \right)^2 + \left( \frac{c_y}{4} - c_y \right)^2 = \left( \frac{b - 3c_x}{4} \right)^2 + \left( \frac{-3c_y}{4} \right)^2 = \frac{(b - 3c_x)^2 + 9c_y^2}{16}
   \]

6. **Calculate \( CQ^2 \)**:
   \[
   CQ^2 = \left( \frac{2b + c_x}{4} - c_x \right)^2 + \left( \frac{c_y}{4} - c_y \right)^2 = \left( \frac{2b - 3c_x}{4} \right)^2 + \left( \frac{-3c_y}{4} \right)^2 = \frac{(2b - 3c_x)^2 + 9c_y^2}{16}
   \]

### Step 4: Combine the squared distances

Now we sum all these squared distances:
\[
AQ^2 + AR^2 + BP^2 + BR^2 + CP^2 + CQ^2 = \frac{(2b + c_x)^2 + c_y^2 + (2c_x + b)^2 + 4c_y^2 + (c_x - 3b)^2 + c_y^2 + (2c_x - 3b)^2 + 4c_y^2 + (b - 3c_x)^2 + 9c_y^2 + (2b - 3c_x)^2 + 9c_y^2}{16}
\]

### Step 5: Calculate \( AB^2 + AC^2 + BC^2 \)

- \( AB^2 = b^2 \)
- \( AC^2 = c_x^2 + c_y^2 \)
- \( BC^2 = (c_x - b)^2 + c_y^2 = c_x^2 - 2bc_x + b^2 + c_y^2 \)

Thus,
\[
AB^2 + AC^2 + BC^2 = b^2 + (c_x^2 + c_y^2) + (c_x^2 - 2bc_x + b^2 + c_y^2) = 2b^2 + 2c_x^2 + 2c_y^2 - 2bc_x
\]

### Step 6: Compute the ratio

The ratio we need to compute is:
\[
\frac{AQ^2 + AR^2 + BP^2 + BR^2 + CP^2 + CQ^2}{AB^2 + AC^2 + BC^2}
\]

After simplification, we find that this ratio equals \( \frac{1}{4} \).

Therefore, the final answer is: \(\boxed{\frac{1}{4}}\). I hope it is correct.
