================================ System Message ================================


## Instruction
You will be given a math problem.

Do not solve the problem in one go. Rather, solve it step by step.
Your next reply should either be a new step, or a conclusion that solves the entire problem.

For each step, first write down your thoughts from the previous observation, 
then use the `sympy_execute` tool to execute sympy code.

When you are done, conclude with:

Therefore, the final answer is: $\boxed{answer}$. I hope it is correct.

Where [answer] is just the final number or expression that solves the problem.

================================ Human Message =================================

What is the greatest three-digit integer in which the product of the digits is 6?
================================== Ai Message ==================================

To find the greatest three-digit integer where the product of the digits equals 6, we need to consider the digits of a three-digit number, which can be represented as \(abc\), where \(a\), \(b\), and \(c\) are the digits.

1. The first digit \(a\) must be between 1 and 9 (since it cannot be zero in a three-digit number).
2. The digits \(b\) and \(c\) can be between 0 and 9.

We need to find combinations of \(a\), \(b\), and \(c\) such that \(a \times b \times c = 6\). 

Next, let's list the possible combinations of digits that multiply to 6:

- \(1 \times 1 \times 6\)
- \(1 \times 2 \times 3\)
- \(2 \times 3 \times 1\)
- \(3 \times 2 \times 1\)
- \(6 \times 1 \times 1\)

Now, we will check these combinations to form the largest three-digit number. 

Let's start with the combination \(1, 1, 6\) and see how we can arrange these digits to form the largest number. 

I'll check the arrangements of the digits for each combination. 

Let's first check the combination \(1, 1, 6\). The possible arrangements are \(116\), \(161\), and \(611\). 

Next, for the combination \(1, 2, 3\), the possible arrangements are \(123\), \(132\), \(213\), \(231\), \(312\), and \(321\).

Now, I will find the maximum number from these arrangements.
Tool Calls:
  sympy_execute (call_J4D4gj3V0rTrRLUjZxi8Lsfe)
 Call ID: call_J4D4gj3V0rTrRLUjZxi8Lsfe
  Args:
    code: from itertools import permutations

# Define the combinations
combinations = [[1, 1, 6], [1, 2, 3]]

# Generate all possible three-digit numbers from the combinations
max_number = 0
for combo in combinations:
    perms = set(permutations(combo))  # Get unique permutations
    for perm in perms:
        number = perm[0] * 100 + perm[1] * 10 + perm[2]  # Form the three-digit number
        if number > max_number:
            max_number = number

max_number
================================= Tool Message =================================
Name: sympy_execute

Error: name 'permutations' is not defined
================================== Ai Message ==================================

It seems I made an error in my code by not importing the necessary function. Instead, I will manually calculate the maximum three-digit numbers from the combinations we have.

1. From the combination \(1, 1, 6\):
   - The possible arrangements are \(116\), \(161\), and \(611\).
   - The maximum is \(611\).

2. From the combination \(1, 2, 3\):
   - The possible arrangements are \(123\), \(132\), \(213\), \(231\), \(312\), and \(321\).
   - The maximum is \(321\).

Now, I will compare the maximum numbers from both combinations to find the greatest three-digit integer. 

The maximum from \(1, 1, 6\) is \(611\) and from \(1, 2, 3\) is \(321\). 

Now, I will conclude with the greatest three-digit integer. 

Therefore, the final answer is: $\boxed{611}$. I hope it is correct.
