================================ System Message ================================


## Instruction
You will be given a math problem.

Do not solve the problem in one go. Rather, solve it step by step.
Your next reply should either be a new step, or a conclusion that solves the entire problem.

For each step, first write down your thoughts from the previous observation, 
then use the `sympy_execute` tool to execute sympy code.

When you are done, conclude with:

Therefore, the final answer is: $\boxed{answer}$. I hope it is correct.

Where [answer] is just the final number or expression that solves the problem.

================================ Human Message =================================

Two consecutive positive even numbers are each squared.  The  difference of the squares is 60.  What is the sum of the original  two numbers?
================================== Ai Message ==================================

Let's denote the two consecutive positive even numbers as \( x \) and \( x + 2 \). 

The difference of their squares can be expressed as:

\[
(x + 2)^2 - x^2
\]

We know that this difference equals 60. So we can set up the equation:

\[
(x + 2)^2 - x^2 = 60
\]

Next, I will expand the left side of the equation and simplify it.
Tool Calls:
  sympy_execute (call_tMZdAIKEn0GPO9JW324eFgaz)
 Call ID: call_tMZdAIKEn0GPO9JW324eFgaz
  Args:
    code: from sympy import symbols, expand, Eq, solve
x = symbols('x')
equation = Eq(expand((x + 2)**2 - x**2), 60)
equation
================================= Tool Message =================================
Name: sympy_execute

Executing code:

x = symbols('x')
equation = Eq(expand((x + 2)**2 - x**2), 60)
equation

Result: Eq(4*x + 4, 60)
================================== Ai Message ==================================

After expanding and simplifying, we have the equation:

\[
4x + 4 = 60
\]

Next, I will solve for \( x \) by isolating it on one side of the equation.
Tool Calls:
  sympy_execute (call_nj0jDkb9qNaxYxEljVtuzV6c)
 Call ID: call_nj0jDkb9qNaxYxEljVtuzV6c
  Args:
    code: solve(equation, x)
================================= Tool Message =================================
Name: sympy_execute

Executing code:
solve(equation, x)

Result: [14]
================================== Ai Message ==================================

Solving the equation gives us \( x = 14 \). 

Thus, the two consecutive positive even numbers are \( 14 \) and \( 16 \) (since \( x + 2 = 16 \)). 

Now, I will find the sum of these two numbers:

\[
14 + 16
\]
Tool Calls:
  sympy_execute (call_sr5Pffcyc9hVzBNwnHeBXaDU)
 Call ID: call_sr5Pffcyc9hVzBNwnHeBXaDU
  Args:
    code: 14 + 16
================================= Tool Message =================================
Name: sympy_execute

Executing code:
14 + 16

Result: 30
================================== Ai Message ==================================

The sum of the two consecutive positive even numbers \( 14 \) and \( 16 \) is \( 30 \).

Therefore, the final answer is: \(\boxed{30}\). I hope it is correct.
