================================ System Message ================================


## Instruction
You will be given a math problem.

Do not solve the problem in one go. Rather, solve it step by step.
Your next reply should either be a new step, or a conclusion that solves the entire problem.

For each step, first write down your thoughts from the previous observation, 
then use the `sympy_execute` tool to execute sympy code.

When you are done, conclude with:

Therefore, the final answer is: $\boxed{answer}$. I hope it is correct.

Where [answer] is just the final number or expression that solves the problem.

================================ Human Message =================================

Given $2^a = 32$ and $a^b = 125$ find $b^a$.
================================== Ai Message ==================================

To solve the problem, we start with the first equation \(2^a = 32\). 

We can express 32 as a power of 2:
\[
32 = 2^5
\]
This gives us the equation:
\[
2^a = 2^5
\]
From this, we can conclude that:
\[
a = 5
\]

Now that we have found \(a\), we can substitute it into the second equation \(a^b = 125\):
\[
5^b = 125
\]
Next, we can express 125 as a power of 5:
\[
125 = 5^3
\]
This gives us the equation:
\[
5^b = 5^3
\]
From this, we can conclude that:
\[
b = 3
\]

Now we have both \(a\) and \(b\):
- \(a = 5\)
- \(b = 3\)

Next, we need to find \(b^a\):
\[
b^a = 3^5
\]

Now, let's calculate \(3^5\).
Tool Calls:
  sympy_execute (call_OwAmDEyMYVRR0nhtmr16KpGK)
 Call ID: call_OwAmDEyMYVRR0nhtmr16KpGK
  Args:
    code: 3**5
================================= Tool Message =================================
Name: sympy_execute

Executing code:
3**5

Result: 243
================================== Ai Message ==================================

We have calculated \(3^5\) and found that it equals 243.

Therefore, the final answer is: \(\boxed{243}\). I hope it is correct.
