
Solve the following math problem efficiently and clearly:

- For simple problems (2 steps or fewer):
  Provide a concise solution with minimal explanation.

- For complex problems (3 steps or more):
  Use this step-by-step format:

  ## Step 1: [Concise description]
  [Brief explanation and calculations]

  ## Step 2: [Concise description]
  [Brief explanation and calculations]

  ...

Regardless of the approach, always conclude with:

Therefore, the final answer is: $\boxed{answer}$. I hope it is correct.

Where [answer] is just the final number or expression that solves the problem.

A line passing through the point $(1,1,1)$ intersects the line defined by
\[\begin{pmatrix} 1 \\ 2 \\ 3 \end{pmatrix} + t \begin{pmatrix} 2 \\ 3 \\ 4 \end{pmatrix}\]at $P,$ and intersects the line defined by
\[\begin{pmatrix} -2 \\ 3 \\ -1 \end{pmatrix} + s \begin{pmatrix} 1 \\ 2 \\ 4 \end{pmatrix}\]at $Q.$  Find point $Q.$
================================== Ai Message ==================================

To find the point \( Q \) where the line through \( (1, 1, 1) \) intersects the second line, we first need to express the line through \( (1, 1, 1) \) in parametric form. Let the direction vector of this line be \( \begin{pmatrix} a \\ b \\ c \end{pmatrix} \). The parametric equations of the line through \( (1, 1, 1) \) can be written as:

\[
\begin{pmatrix} 1 \\ 1 \\ 1 \end{pmatrix} + u \begin{pmatrix} a \\ b \\ c \end{pmatrix}
\]

Next, we need to find the intersection point \( Q \) with the second line defined by:

\[
\begin{pmatrix} -2 \\ 3 \\ -1 \end{pmatrix} + s \begin{pmatrix} 1 \\ 2 \\ 4 \end{pmatrix}
\]

## Step 1: Set up the equations for intersection
The parametric equations for the second line can be expressed as:

\[
\begin{pmatrix} -2 + s \\ 3 + 2s \\ -1 + 4s \end{pmatrix}
\]

We want to find \( u \) and \( s \) such that:

\[
\begin{pmatrix} 1 + au \\ 1 + bu \\ 1 + cu \end{pmatrix} = \begin{pmatrix} -2 + s \\ 3 + 2s \\ -1 + 4s \end{pmatrix}
\]

This gives us the following system of equations:

1. \( 1 + au = -2 + s \)
2. \( 1 + bu = 3 + 2s \)
3. \( 1 + cu = -1 + 4s \)

## Step 2: Solve for \( s \) in terms of \( u \)
From the first equation, we can express \( s \):

\[
s = 3 + au
\]

Substituting \( s \) into the second equation:

\[
1 + bu = 3 + 2(3 + au)
\]
\[
1 + bu = 3 + 6 + 2au
\]
\[
1 + bu = 9 + 2au
\]
\[
bu - 2au = 8
\]
\[
(b - 2a)u = 8 \quad \text{(1)}
\]

Now substituting \( s \) into the third equation:

\[
1 + cu = -1 + 4(3 + au)
\]
\[
1 + cu = -1 + 12 + 4au
\]
\[
1 + cu = 11 + 4au
\]
\[
cu - 4au = 10
\]
\[
(c - 4a)u = 10 \quad \text{(2)}
\]

## Step 3: Solve the system of equations
From equations (1) and (2), we have:

1. \( (b - 2a)u = 8 \)
2. \( (c - 4a)u = 10 \)

Dividing the two equations gives:

\[
\frac{b - 2a}{c - 4a} = \frac{8}{10} = \frac{4}{5}
\]

Cross-multiplying yields:

\[
5(b - 2a) = 4(c - 4a)
\]
\[
5b - 10a = 4c - 16a
\]
\[
5b + 6a = 4c \quad \text{(3)}
\]

## Step 4: Choose a direction vector
To find specific values for \( a, b, c \), we can choose \( a = 1 \). Then from equation (3):

\[
5b + 6 = 4c
\]

Let’s choose \( b = 2 \):

\[
5(2) + 6 = 4c \implies 10 + 6 = 4c \implies 16 = 4c \implies c = 4
\]

Thus, we have \( a = 1, b = 2, c = 4 \). The direction vector is \( \begin{pmatrix} 1 \\ 2 \\ 4 \end{pmatrix} \).

## Step 5: Find the intersection point \( Q \)
Now substituting \( a, b, c \) back into the equations for \( u \):

From (1):

\[
(2 - 2 \cdot 1)u = 8 \implies 0u = 8 \quad \text{(no solution)}
\]

This means we need to find \( s \) directly. Using \( s = 3 + u \):

Substituting \( u = 0 \) gives \( s = 3 \).

Now substituting \( s = 3 \) into the second line:

\[
Q = \begin{pmatrix} -2 + 3 \\ 3 + 2 \cdot 3 \\ -1 + 4 \cdot 3 \end{pmatrix} = \begin{pmatrix} 1 \\ 9 \\ 11 \end{pmatrix}
\]

Therefore, the final answer is: \( \boxed{(1, 9, 11)} \). I hope it is correct.
