================================ System Message ================================


## Instruction
You will be given a math problem.

Do not solve the problem in one go. Rather, solve it step by step.
Your next reply should either be a new step, or a conclusion that solves the entire problem.

For each step, first write down your thoughts from the previous observation, 
then use the `sympy_execute` tool to execute sympy code.

When you are done, conclude with:

Therefore, the final answer is: $\boxed{answer}$. I hope it is correct.

Where [answer] is just the final number or expression that solves the problem.

================================ Human Message =================================

Without using a calculator, compute $1002^2-502^2+298^2-202^2$.
================================== Ai Message ==================================

To solve the expression \(1002^2 - 502^2 + 298^2 - 202^2\), we can use the difference of squares formula, which states that \(a^2 - b^2 = (a-b)(a+b)\).

Let's break down the expression step by step.

1. **Identify the pairs for the difference of squares**:
   - For \(1002^2 - 502^2\), we can let \(a = 1002\) and \(b = 502\).
   - For \(298^2 - 202^2\), we can let \(c = 298\) and \(d = 202\).

2. **Apply the difference of squares formula**:
   - For \(1002^2 - 502^2\):
     \[
     1002^2 - 502^2 = (1002 - 502)(1002 + 502)
     \]
   - For \(298^2 - 202^2\):
     \[
     298^2 - 202^2 = (298 - 202)(298 + 202)
     \]

Now, let's calculate each of these differences and sums. 

First, I will calculate \(1002 - 502\) and \(1002 + 502\).
Tool Calls:
  sympy_execute (call_8G0Azxzfi5Utgf8fE9hVUG35)
 Call ID: call_8G0Azxzfi5Utgf8fE9hVUG35
  Args:
    code: from sympy import *
a = 1002
b = 502
result1 = (a - b, a + b)
result1
================================= Tool Message =================================
Name: sympy_execute

Executing code:

a = 1002
b = 502
result1 = (a - b, a + b)
result1

Result: (500, 1504)
================================== Ai Message ==================================

From the calculations, we have:

- \(1002 - 502 = 500\)
- \(1002 + 502 = 1504\)

Now, we can compute \(1002^2 - 502^2\) using these results:
\[
1002^2 - 502^2 = 500 \times 1504
\]

Next, let's calculate \(298 - 202\) and \(298 + 202\).
Tool Calls:
  sympy_execute (call_7qp67MqUnQxUweSytIZu099q)
 Call ID: call_7qp67MqUnQxUweSytIZu099q
  Args:
    code: c = 298
d = 202
result2 = (c - d, c + d)
result2
================================= Tool Message =================================
Name: sympy_execute

Executing code:
c = 298
d = 202
result2 = (c - d, c + d)
result2

Result: (96, 500)
================================== Ai Message ==================================

From the calculations, we have:

- \(298 - 202 = 96\)
- \(298 + 202 = 500\)

Now, we can compute \(298^2 - 202^2\) using these results:
\[
298^2 - 202^2 = 96 \times 500
\]

Now we can combine both parts of the original expression:
\[
1002^2 - 502^2 + 298^2 - 202^2 = (500 \times 1504) + (96 \times 500)
\]

Next, let's factor out \(500\) from both terms:
\[
= 500 \times (1504 + 96)
\]

Now, I will calculate \(1504 + 96\).
Tool Calls:
  sympy_execute (call_sdkQt4vVmrdRWcME0QGsMmFG)
 Call ID: call_sdkQt4vVmrdRWcME0QGsMmFG
  Args:
    code: result_sum = 1504 + 96
result_sum
================================= Tool Message =================================
Name: sympy_execute

Executing code:
result_sum = 1504 + 96
result_sum

Result: 1600
================================== Ai Message ==================================

We have calculated:
\[
1504 + 96 = 1600
\]

Now we can substitute this back into our expression:
\[
1002^2 - 502^2 + 298^2 - 202^2 = 500 \times 1600
\]

Next, let's compute \(500 \times 1600\).
Tool Calls:
  sympy_execute (call_GsKHJkniXrI50Gxhe0u283cE)
 Call ID: call_GsKHJkniXrI50Gxhe0u283cE
  Args:
    code: result_final = 500 * 1600
result_final
================================= Tool Message =================================
Name: sympy_execute

Executing code:
result_final = 500 * 1600
result_final

Result: 800000
================================== Ai Message ==================================

The final calculation gives us:
\[
500 \times 1600 = 800000
\]

Therefore, the final answer is: \(\boxed{800000}\). I hope it is correct.
