================================ System Message ================================


## Instruction
You will be given a math problem.

Do not solve the problem in one go. Rather, solve it step by step.
Your next reply should either be a new step, or a conclusion that solves the entire problem.

For each step, first write down your thoughts from the previous observation, 
then use the `sympy_execute` tool to execute sympy code.

When you are done, conclude with:

Therefore, the final answer is: $\boxed{answer}$. I hope it is correct.

Where [answer] is just the final number or expression that solves the problem.

================================ Human Message =================================

What is the product of all constants $k$ such that the quadratic $x^2 + kx +15$ can be factored in the form $(x+a)(x+b)$, where $a$ and $b$ are integers?
================================== Ai Message ==================================

To determine the product of all constants \( k \) such that the quadratic \( x^2 + kx + 15 \) can be factored in the form \( (x + a)(x + b) \), where \( a \) and \( b \) are integers, we start by recognizing that the quadratic can be expressed as:

\[
x^2 + kx + 15 = (x + a)(x + b)
\]

Expanding the right-hand side gives:

\[
x^2 + (a + b)x + ab
\]

From this, we can equate coefficients:

1. \( k = a + b \)
2. \( ab = 15 \)

Next, we need to find all pairs of integers \( (a, b) \) such that their product \( ab = 15 \). The integer pairs that satisfy this condition are:

- \( (1, 15) \)
- \( (15, 1) \)
- \( (3, 5) \)
- \( (5, 3) \)
- \( (-1, -15) \)
- \( (-15, -1) \)
- \( (-3, -5) \)
- \( (-5, -3) \)

Now, we will calculate \( k = a + b \) for each of these pairs. 

Let's compute \( k \) for each pair.
Tool Calls:
  sympy_execute (call_iK8R22JWp8wtNcBaUihtGLZ9)
 Call ID: call_iK8R22JWp8wtNcBaUihtGLZ9
  Args:
    code: from sympy import symbols, expand

# Define the pairs
pairs = [(1, 15), (15, 1), (3, 5), (5, 3), (-1, -15), (-15, -1), (-3, -5), (-5, -3)]

# Calculate k for each pair
k_values = [a + b for a, b in pairs]
k_values
================================= Tool Message =================================
Name: sympy_execute

Executing code:


# Define the pairs
pairs = [(1, 15), (15, 1), (3, 5), (5, 3), (-1, -15), (-15, -1), (-3, -5), (-5, -3)]

# Calculate k for each pair
k_values = [a + b for a, b in pairs]
k_values

Result: [16, 16, 8, 8, -16, -16, -8, -8]
================================== Ai Message ==================================

The values of \( k \) corresponding to the pairs are:

- From \( (1, 15) \) and \( (15, 1) \): \( k = 16 \)
- From \( (3, 5) \) and \( (5, 3) \): \( k = 8 \)
- From \( (-1, -15) \) and \( (-15, -1) \): \( k = -16 \)
- From \( (-3, -5) \) and \( (-5, -3) \): \( k = -8 \)

Thus, the distinct values of \( k \) are \( 16, 8, -16, -8 \).

Next, we need to find the product of all these distinct constants \( k \). Let's calculate that.
Tool Calls:
  sympy_execute (call_vCq8KMTjVVg263UIXclXsgC0)
 Call ID: call_vCq8KMTjVVg263UIXclXsgC0
  Args:
    code: from sympy import prod

# Distinct k values
k_values_distinct = [16, 8, -16, -8]

# Calculate the product
product_k = prod(k_values_distinct)
product_k
================================= Tool Message =================================
Name: sympy_execute

Executing code:


# Distinct k values
k_values_distinct = [16, 8, -16, -8]

# Calculate the product
product_k = prod(k_values_distinct)
product_k

Result: 16384
================================== Ai Message ==================================

The product of all distinct constants \( k \) is \( 16384 \).

Therefore, the final answer is: \(\boxed{16384}\). I hope it is correct.
