================================ System Message ================================


## Instruction
You will be given a math problem.

Do not solve the problem in one go. Rather, solve it step by step.
Your next reply should either be a new step, or a conclusion that solves the entire problem.

For each step, first write down your thoughts from the previous observation, 
then use the `sympy_execute` tool to execute sympy code.

When you are done, conclude with:

Therefore, the final answer is: $\boxed{answer}$. I hope it is correct.

Where [answer] is just the final number or expression that solves the problem.

================================ Human Message =================================

Let  \[f(x) =
\begin{cases}
k(x) &\text{if }x>0, \\
-\frac1{2x}&\text{if }x< 0\\
0&\text{if }x=0.
\end{cases}
\]Find the function $k(x)$ such that $f(x)$ is its own inverse function.
================================== Ai Message ==================================

To find the function \( k(x) \) such that \( f(x) \) is its own inverse, we need to ensure that \( f(f(x)) = x \) for all \( x \) in the domain of \( f \).

1. **Understanding the function**: The function \( f(x) \) is defined piecewise. For \( x > 0 \), it is defined as \( k(x) \), for \( x < 0 \) as \( -\frac{1}{2x} \), and at \( x = 0 \) it is \( 0 \).

2. **Finding \( f(f(x)) \)**: We will analyze the cases based on the value of \( x \).

   - **Case 1**: If \( x > 0 \), then \( f(x) = k(x) \). We need to find \( f(k(x)) \).
   - **Case 2**: If \( x < 0 \), then \( f(x) = -\frac{1}{2x} \). We need to find \( f\left(-\frac{1}{2x}\right) \).
   - **Case 3**: If \( x = 0 \), then \( f(0) = 0 \).

Let's start with **Case 1** where \( x > 0 \). We need to find \( f(k(x)) \) and set it equal to \( x \). 

Next, I will express \( f(k(x)) \) in terms of \( k(x) \) and analyze it.
Tool Calls:
  sympy_execute (call_ilWwjWS1rh3d0tX7tD4iGVJy)
 Call ID: call_ilWwjWS1rh3d0tX7tD4iGVJy
  Args:
    code: from sympy import symbols, Function
x = symbols('x')
k = Function('k')
f_x = k(x)
================================= Tool Message =================================
Name: sympy_execute

Executing code:

x = symbols('x')
k = Function('k')
f_x = k(x)

================================== Ai Message ==================================

Now we have \( f(x) = k(x) \) for \( x > 0 \). 

Next, we need to find \( f(k(x)) \). Since \( k(x) \) could be either positive or negative, we need to consider both scenarios:

1. If \( k(x) > 0 \), then \( f(k(x)) = k(k(x)) \).
2. If \( k(x) < 0 \), then \( f(k(x)) = -\frac{1}{2k(x)} \).

For \( f(f(x)) = x \) to hold, we need to analyze both cases. 

Let's start with the first case where \( k(x) > 0 \) and set \( f(k(x)) = k(k(x)) = x \). 

Next, I will express this condition mathematically.
Tool Calls:
  sympy_execute (call_u81nPIWOgAdrb7fg2KiuGEKc)
 Call ID: call_u81nPIWOgAdrb7fg2KiuGEKc
  Args:
    code: from sympy import Eq
k_x = symbols('k_x')
equality = Eq(k(k_x), k_x)
================================= Tool Message =================================
Name: sympy_execute

Executing code:

k_x = symbols('k_x')
equality = Eq(k(k_x), k_x)

================================== Ai Message ==================================

We have the equation \( k(k(x)) = k(x) \) for the case when \( k(x) > 0 \). 

Now, let's consider the second case where \( k(x) < 0 \). In this case, we have:

\[
f(k(x)) = -\frac{1}{2k(x)}
\]

For \( f(f(x)) = x \) to hold, we need:

\[
-\frac{1}{2k(x)} = x
\]

Now we have two conditions to satisfy:

1. \( k(k(x)) = k(x) \) for \( k(x) > 0 \)
2. \( -\frac{1}{2k(x)} = x \) for \( k(x) < 0 \)

Next, let's analyze the second condition to express \( k(x) \) in terms of \( x \).
Tool Calls:
  sympy_execute (call_QWmi8ms0QuyqyzznAd4yv1SG)
 Call ID: call_QWmi8ms0QuyqyzznAd4yv1SG
  Args:
    code: k_x = symbols('k_x')
equality_neg = Eq(-1/(2*k_x), x)
================================= Tool Message =================================
Name: sympy_execute

Executing code:
k_x = symbols('k_x')
equality_neg = Eq(-1/(2*k_x), x)

================================== Ai Message ==================================

We have the equation:

\[
-\frac{1}{2k(x)} = x
\]

This can be rearranged to express \( k(x) \) in terms of \( x \):

\[
k(x) = -\frac{1}{2x}
\]

Now we have a candidate for \( k(x) \) when \( x < 0 \). 

Next, we need to check if this form of \( k(x) \) satisfies the first condition \( k(k(x)) = k(x) \) for \( k(x) > 0 \). 

To do this, we will substitute \( k(x) = -\frac{1}{2x} \) into itself and see if it leads to a consistent result. Let's compute \( k(k(x)) \).
Tool Calls:
  sympy_execute (call_XiiAFVqNYqn63yCdxNZeu79g)
 Call ID: call_XiiAFVqNYqn63yCdxNZeu79g
  Args:
    code: k_x = -1/(2*x)
k_k_x = -1/(2*k_x)
================================= Tool Message =================================
Name: sympy_execute

Executing code:
k_x = -1/(2*x)
k_k_x = -1/(2*k_x)

================================== Ai Message ==================================

Now we have:

\[
k(k(x)) = -\frac{1}{2\left(-\frac{1}{2x}\right)} = -\frac{1}{-1/(4x)} = 4x
\]

This result does not equal \( k(x) \) when \( k(x) > 0 \). 

Thus, we need to find a different form for \( k(x) \) that satisfies both conditions. 

Let's assume a linear form for \( k(x) \) and see if we can find a suitable function. We can try \( k(x) = ax + b \) and determine the constants \( a \) and \( b \) such that both conditions hold. 

Next, I will set up the equations based on this assumption.
Tool Calls:
  sympy_execute (call_xpvHG1gKI9Zas78w6nwvopK0)
 Call ID: call_xpvHG1gKI9Zas78w6nwvopK0
  Args:
    code: a, b = symbols('a b')
k_linear = a*x + b
k_k_linear = k_linear.subs(x, k_linear)
================================= Tool Message =================================
Name: sympy_execute

Executing code:
a, b = symbols('a b')
k_linear = a*x + b
k_k_linear = k_linear.subs(x, k_linear)

================================== Ai Message ==================================

We have assumed a linear form for \( k(x) \):

\[
k(x) = ax + b
\]

Now, substituting \( k(x) \) into itself gives us:

\[
k(k(x)) = k(ax + b) = a(ax + b) + b = a^2x + ab + b
\]

For \( k(k(x)) = k(x) \) to hold, we need:

\[
a^2x + ab + b = ax + b
\]

This leads to the following equations by comparing coefficients:

1. \( a^2 = a \)
2. \( ab + b = b \)

From the first equation, we can factor it as:

\[
a(a - 1) = 0
\]

This gives us two possible values for \( a \): \( a = 0 \) or \( a = 1 \).

Next, let's analyze both cases. 

1. If \( a = 0 \), then \( k(x) = b \), which is a constant function.
2. If \( a = 1 \), then \( k(x) = x + b \).

Let's explore the second case \( a = 1 \) and see if we can find a suitable \( b \).
Tool Calls:
  sympy_execute (call_vCq8KMTjVVg263UIXclXsgC0)
 Call ID: call_vCq8KMTjVVg263UIXclXsgC0
  Args:
    code: b = symbols('b')
k_case_a1 = x + b
k_case_a1_k = k_case_a1.subs(x, k_case_a1)
================================= Tool Message =================================
Name: sympy_execute

Executing code:
b = symbols('b')
k_case_a1 = x + b
k_case_a1_k = k_case_a1.subs(x, k_case_a1)

================================== Ai Message ==================================

For the case where \( a = 1 \), we have:

\[
k(x) = x + b
\]

Now substituting \( k(x) \) into itself gives us:

\[
k(k(x)) = k(x + b) = (x + b) + b = x + 2b
\]

For \( k(k(x)) = k(x) \) to hold, we need:

\[
x + 2b = x + b
\]

This simplifies to:

\[
2b = b
\]

This implies \( b = 0 \). 

Thus, we find that:

\[
k(x) = x
\]

Now we need to check if this satisfies the original conditions for \( f(x) \) being its own inverse. 

1. For \( x > 0 \), \( f(x) = k(x) = x \).
2. For \( x < 0 \), \( f(x) = -\frac{1}{2x} \).

Now we need to verify if \( f(f(x)) = x \) holds for both cases. 

Let's check the case \( x < 0 \):

\[
f(f(x)) = f\left(-\frac{1}{2x}\right) = k\left(-\frac{1}{2x}\right) = -\frac{1}{2x}
\]

This does not equal \( x \). 

Thus, we need to find a different form for \( k(x) \) that satisfies both conditions. 

Let's try a different approach by assuming \( k(x) = -\frac{1}{2x} \) for \( x > 0 \) and see if it leads to a consistent result. 

Next, I will set up the equations based on this assumption.
Tool Calls:
  sympy_execute (call_rRQ4l0gtZ6nUcFLbeKBPXLjD)
 Call ID: call_rRQ4l0gtZ6nUcFLbeKBPXLjD
  Args:
    code: k_positive = -1/(2*x)
k_positive_k = k_positive.subs(x, k_positive)
================================= Tool Message =================================
Name: sympy_execute

Executing code:
k_positive = -1/(2*x)
k_positive_k = k_positive.subs(x, k_positive)

================================== Ai Message ==================================

Assuming \( k(x) = -\frac{1}{2x} \) for \( x > 0 \), we substitute it into itself:

\[
k(k(x)) = k\left(-\frac{1}{2x}\right) = -\frac{1}{2\left(-\frac{1}{2x}\right)} = x
\]

This satisfies the condition \( k(k(x)) = x \) for \( x > 0 \).

Now, we need to check the case for \( x < 0 \):

For \( x < 0 \), we have:

\[
f(x) = -\frac{1}{2x}
\]

We need to verify if \( f(f(x)) = x \):

\[
f\left(-\frac{1}{2x}\right) = k\left(-\frac{1}{2x}\right) = -\frac{1}{2\left(-\frac{1}{2x}\right)} = x
\]

This also holds true.

Thus, we have found that:

\[
k(x) = -\frac{1}{2x}
\]

is the function that makes \( f(x) \) its own inverse.

Therefore, the final answer is: \(\boxed{-\frac{1}{2x}}\). I hope it is correct.
