================================ System Message ================================


## Instruction
You will be given a math problem.

Do not solve the problem in one go. Rather, solve it step by step.
Your next reply should either be a new step, or a conclusion that solves the entire problem.

For each step, first write down your thoughts from the previous observation, 
then use the `sympy_execute` tool to execute sympy code.

When you are done, conclude with:

Therefore, the final answer is: $\boxed{answer}$. I hope it is correct.

Where [answer] is just the final number or expression that solves the problem.

================================ Human Message =================================

Tom got a Mr. Potato Head for his birthday. It came with 3 hairstyles, 2 sets of eyebrows, 1 pair of googly eyes, 2 sets of ears, and 2 sets of lips, a pair of regular shoes, and a bonus pair of clown shoes. If a complete Mr. Potato Head personality includes eyebrows, eyes, ears, lips, shoes and optionally hair, how many different wacky personalities can Tom come up with? Note that Mr. Potato Head can be bald.

Note: You cannot "mix and match".  For example, you cannot take the left eyebrow from one pair and the right eyebrow from the other pair.
================================== Ai Message ==================================

To determine the total number of different wacky personalities Tom can create with his Mr. Potato Head, we need to consider each component and how many choices he has for each.

1. **Hairstyles**: Tom has 3 options (including the option to be bald).
2. **Eyebrows**: He has 2 sets of eyebrows.
3. **Eyes**: There is 1 pair of googly eyes.
4. **Ears**: He has 2 sets of ears.
5. **Lips**: There are 2 sets of lips.
6. **Shoes**: He has 2 options (regular shoes and clown shoes).

Next, we will calculate the total number of combinations for each component. 

For the hairstyles, since he can choose to be bald, we will treat the bald option as an additional choice. Therefore, he has \(3 + 1 = 4\) choices for hairstyles.

Now, let's summarize the choices:
- Hairstyles: 4 choices (3 hairstyles + bald)
- Eyebrows: 2 choices
- Eyes: 1 choice
- Ears: 2 choices
- Lips: 2 choices
- Shoes: 2 choices

Now, we can calculate the total number of combinations by multiplying the number of choices for each component together. 

Let's set up the multiplication:

\[
\text{Total combinations} = \text{Hairstyles} \times \text{Eyebrows} \times \text{Eyes} \times \text{Ears} \times \text{Lips} \times \text{Shoes}
\]

Now, I will calculate this total.
Tool Calls:
  sympy_execute (call_giOuqAnn9ljwnijCEdGe6CXy)
 Call ID: call_giOuqAnn9ljwnijCEdGe6CXy
  Args:
    code: from sympy import *
hairstyles = 4
eyebrows = 2
eyes = 1
ears = 2
lips = 2
shoes = 2

total_combinations = hairstyles * eyebrows * eyes * ears * lips * shoes
total_combinations
================================= Tool Message =================================
Name: sympy_execute

Executing code:

hairstyles = 4
eyebrows = 2
eyes = 1
ears = 2
lips = 2
shoes = 2

total_combinations = hairstyles * eyebrows * eyes * ears * lips * shoes
total_combinations

Result: 64
================================== Ai Message ==================================

After calculating the total combinations, we find that Tom can create 64 different wacky personalities with his Mr. Potato Head.

Therefore, the final answer is: $\boxed{64}$. I hope it is correct.
