================================ System Message ================================


## Instruction
You will be given a math problem.

Do not solve the problem in one go. Rather, solve it step by step.
Your next reply should either be a new step, or a conclusion that solves the entire problem.

For each step, first write down your thoughts from the previous observation, 
then use the `sympy_execute` tool to execute sympy code.

When you are done, conclude with:

Therefore, the final answer is: $\boxed{answer}$. I hope it is correct.

Where [answer] is just the final number or expression that solves the problem.

================================ Human Message =================================

A curve is parameterized by
\[(x,y) = (t^3 + 7, -3t^2 - 6t - 5).\]Find the point the curve passes through at $t = 2.$
================================== Ai Message ==================================

To find the point on the curve at \( t = 2 \), we need to substitute \( t = 2 \) into the parameterization equations for \( x \) and \( y \).

The parameterization is given by:
\[
x = t^3 + 7
\]
\[
y = -3t^2 - 6t - 5
\]

First, let's calculate \( x \) when \( t = 2 \). 

Substituting \( t = 2 \) into the equation for \( x \):
\[
x = 2^3 + 7
\]

Now, I will execute the calculation for \( x \).
Tool Calls:
  sympy_execute (call_fH71HEvvnOLup5UJLCoW7cgC)
 Call ID: call_fH71HEvvnOLup5UJLCoW7cgC
  Args:
    code: t = 2
x = t**3 + 7
x
================================= Tool Message =================================
Name: sympy_execute

Executing code:
t = 2
x = t**3 + 7
x

Result: 15
================================== Ai Message ==================================

The value of \( x \) when \( t = 2 \) is \( 15 \).

Next, we will calculate \( y \) at \( t = 2 \) using the equation for \( y \):
\[
y = -3t^2 - 6t - 5
\]

Substituting \( t = 2 \) into the equation for \( y \):
\[
y = -3(2^2) - 6(2) - 5
\]

Now, I will execute the calculation for \( y \).
Tool Calls:
  sympy_execute (call_VMlMrC3JWnZ7NKov3pUok9br)
 Call ID: call_VMlMrC3JWnZ7NKov3pUok9br
  Args:
    code: t = 2
y = -3*t**2 - 6*t - 5
y
================================= Tool Message =================================
Name: sympy_execute

Executing code:
t = 2
y = -3*t**2 - 6*t - 5
y

Result: -29
================================== Ai Message ==================================

The value of \( y \) when \( t = 2 \) is \( -29 \).

Now we have both coordinates of the point on the curve at \( t = 2 \):
\[
(x, y) = (15, -29)
\]

Therefore, the final answer is: \(\boxed{(15, -29)}\). I hope it is correct.
