================================ System Message ================================


## Instruction
You will be given a math problem.

Do not solve the problem in one go. Rather, solve it step by step.
Your next reply should either be a new step, or a conclusion that solves the entire problem.

For each step, first write down your thoughts from the previous observation, 
then use the `sympy_execute` tool to execute sympy code.

When you are done, conclude with:

Therefore, the final answer is: $\boxed{answer}$. I hope it is correct.

Where [answer] is just the final number or expression that solves the problem.

================================ Human Message =================================

The first 2007 positive integers are each written in base 3.  How many of these base-3 representations are palindromes?  (A palindrome is a number that reads the same forward and backward.)
================================== Ai Message ==================================

To determine how many of the first 2007 positive integers have palindromic representations in base 3, we need to follow these steps:

1. **Convert the range of integers (1 to 2007) into base 3.**
2. **Check each base 3 representation to see if it is a palindrome.**
3. **Count the total number of palindromic representations.**

First, let's convert the number 2007 into base 3 to understand the range of digits we will be working with. 

I'll start by converting 2007 to base 3.
Tool Calls:
  sympy_execute (call_pXSCeBuGkCEq1FWufUq7x9GS)
 Call ID: call_pXSCeBuGkCEq1FWufUq7x9GS
  Args:
    code: import sympy as sp
sp.Integer(2007).base(3)
================================= Tool Message =================================
Name: sympy_execute

Error: 'Integer' object has no attribute 'base'
================================== Ai Message ==================================

It seems I made an error in trying to convert the number to base 3. Instead, I will manually convert 2007 to base 3 by repeatedly dividing by 3 and recording the remainders.

Let's perform the conversion step by step:

1. Divide 2007 by 3, record the quotient and remainder.
2. Continue dividing the quotient by 3 until the quotient is 0.
3. The base 3 representation will be the remainders read in reverse order.

I'll perform these calculations now.
Tool Calls:
  sympy_execute (call_8aVOdDjayTETTBH1UgJsoIVG)
 Call ID: call_8aVOdDjayTETTBH1UgJsoIVG
  Args:
    code: n = 2007
base_3 = []
while n > 0:
    base_3.append(n % 3)
    n //= 3
base_3[::-1]
================================= Tool Message =================================
Name: sympy_execute

Executing code:
n = 2007
base_3 = []
while n > 0:
    base_3.append(n % 3)
    n //= 3
base_3[::-1]

Result: [2, 2, 0, 2, 1, 0, 0]
================================== Ai Message ==================================

The base 3 representation of 2007 is \(2202100_3\). This representation has 7 digits.

Next, we need to check how many integers from 1 to 2007 have palindromic representations in base 3. 

A palindromic number reads the same forwards and backwards. The maximum number of digits in base 3 for numbers up to 2007 is 7. 

Now, we will consider palindromic numbers with different lengths (1 to 7 digits) in base 3:

1. **1-digit palindromes:** The digits can be 1 or 2 (0 is not considered since we are looking for positive integers).
2. **2-digit palindromes:** The form is \(aa\) where \(a\) can be 1 or 2.
3. **3-digit palindromes:** The form is \(aba\) where \(a\) can be 1 or 2 and \(b\) can be 0, 1, or 2.
4. **4-digit palindromes:** The form is \(abba\) where \(a\) can be 1 or 2 and \(b\) can be 0, 1, or 2.
5. **5-digit palindromes:** The form is \(abcba\) where \(a\) can be 1 or 2, and \(b\) and \(c\) can be 0, 1, or 2.
6. **6-digit palindromes:** The form is \(abccba\) where \(a\) can be 1 or 2, and \(b\) and \(c\) can be 0, 1, or 2.
7. **7-digit palindromes:** The form is \(abcdcba\) where \(a\) can be 1 or 2, and \(b\), \(c\), and \(d\) can be 0, 1, or 2.

Now, let's calculate the number of palindromic representations for each case. 

I'll start with the 1-digit and 2-digit palindromes.
Tool Calls:
  sympy_execute (call_piJDWX4C9IKC5mGVVnRrTaou)
 Call ID: call_piJDWX4C9IKC5mGVVnRrTaou
  Args:
    code: # Count palindromes for each digit length
palindrome_counts = {}

# 1-digit palindromes
palindrome_counts[1] = 2  # 1, 2

# 2-digit palindromes
palindrome_counts[2] = 2  # 11, 22

palindrome_counts
================================= Tool Message =================================
Name: sympy_execute

Executing code:
# Count palindromes for each digit length
palindrome_counts = {}

# 1-digit palindromes
palindrome_counts[1] = 2  # 1, 2

# 2-digit palindromes
palindrome_counts[2] = 2  # 11, 22

palindrome_counts

Result: {1: 2, 2: 2}
================================== Ai Message ==================================

For the 1-digit and 2-digit palindromes, we have:

- **1-digit palindromes:** 2 (1, 2)
- **2-digit palindromes:** 2 (11, 22)

Next, let's calculate the number of palindromic representations for 3-digit and 4-digit numbers. 

For 3-digit palindromes of the form \(aba\):
- \(a\) can be 1 or 2 (2 choices).
- \(b\) can be 0, 1, or 2 (3 choices).

For 4-digit palindromes of the form \(abba\):
- \(a\) can be 1 or 2 (2 choices).
- \(b\) can be 0, 1, or 2 (3 choices).

Now, let's calculate these counts.
Tool Calls:
  sympy_execute (call_pgpFirHES9kIkAc1ObHONa5W)
 Call ID: call_pgpFirHES9kIkAc1ObHONa5W
  Args:
    code: # Count 3-digit and 4-digit palindromes
palindrome_counts[3] = 2 * 3  # 2 choices for a, 3 choices for b
palindrome_counts[4] = 2 * 3  # 2 choices for a, 3 choices for b
palindrome_counts
================================= Tool Message =================================
Name: sympy_execute

Executing code:
# Count 3-digit and 4-digit palindromes
palindrome_counts[3] = 2 * 3  # 2 choices for a, 3 choices for b
palindrome_counts[4] = 2 * 3  # 2 choices for a, 3 choices for b
palindrome_counts

Result: {1: 2, 2: 2, 3: 6, 4: 6}
================================== Ai Message ==================================

For the 3-digit and 4-digit palindromes, we have:

- **3-digit palindromes:** 6 (from combinations of \(a\) and \(b\))
- **4-digit palindromes:** 6 (from combinations of \(a\) and \(b\))

Next, let's calculate the number of palindromic representations for 5-digit and 6-digit numbers.

For 5-digit palindromes of the form \(abcba\):
- \(a\) can be 1 or 2 (2 choices).
- \(b\) and \(c\) can be 0, 1, or 2 (3 choices each).

For 6-digit palindromes of the form \(abccba\):
- \(a\) can be 1 or 2 (2 choices).
- \(b\) and \(c\) can be 0, 1, or 2 (3 choices each).

Now, let's calculate these counts.
Tool Calls:
  sympy_execute (call_ZuPBYlUoToGQSGhGVFxn4n5q)
 Call ID: call_ZuPBYlUoToGQSGhGVFxn4n5q
  Args:
    code: # Count 5-digit and 6-digit palindromes
palindrome_counts[5] = 2 * 3 * 3  # 2 choices for a, 3 choices for b and c
palindrome_counts[6] = 2 * 3 * 3  # 2 choices for a, 3 choices for b and c
palindrome_counts
================================= Tool Message =================================
Name: sympy_execute

Executing code:
# Count 5-digit and 6-digit palindromes
palindrome_counts[5] = 2 * 3 * 3  # 2 choices for a, 3 choices for b and c
palindrome_counts[6] = 2 * 3 * 3  # 2 choices for a, 3 choices for b and c
palindrome_counts

Result: {1: 2, 2: 2, 3: 6, 4: 6, 5: 18, 6: 18}
================================== Ai Message ==================================

For the 5-digit and 6-digit palindromes, we have:

- **5-digit palindromes:** 18 (from combinations of \(a\), \(b\), and \(c\))
- **6-digit palindromes:** 18 (from combinations of \(a\), \(b\), and \(c\))

Finally, we need to consider the 7-digit palindromes of the form \(abcdcba\):
- \(a\) can be 1 or 2 (2 choices).
- \(b\), \(c\), and \(d\) can be 0, 1, or 2 (3 choices each).

Now, let's calculate the count for 7-digit palindromes.
Tool Calls:
  sympy_execute (call_A9IfagkLNqCgwDdXoxvQLVg5)
 Call ID: call_A9IfagkLNqCgwDdXoxvQLVg5
  Args:
    code: # Count 7-digit palindromes
palindrome_counts[7] = 2 * 3 * 3 * 3  # 2 choices for a, 3 choices for b, c, and d
palindrome_counts
================================= Tool Message =================================
Name: sympy_execute

Executing code:
# Count 7-digit palindromes
palindrome_counts[7] = 2 * 3 * 3 * 3  # 2 choices for a, 3 choices for b, c, and d
palindrome_counts

Result: {1: 2, 2: 2, 3: 6, 4: 6, 5: 18, 6: 18, 7: 54}
================================== Ai Message ==================================

For the 7-digit palindromes, we have:

- **7-digit palindromes:** 54 (from combinations of \(a\), \(b\), \(c\), and \(d\))

Now, let's summarize the total counts of palindromic representations for all digit lengths:

- 1-digit: 2
- 2-digit: 2
- 3-digit: 6
- 4-digit: 6
- 5-digit: 18
- 6-digit: 18
- 7-digit: 54

Now, we will sum these counts to find the total number of palindromic representations in base 3 for integers from 1 to 2007.
Tool Calls:
  sympy_execute (call_LzXBDEPKi6rf76aOmvlAyRTx)
 Call ID: call_LzXBDEPKi6rf76aOmvlAyRTx
  Args:
    code: total_palindromes = sum(palindrome_counts.values())
total_palindromes
================================= Tool Message =================================
Name: sympy_execute

Executing code:
total_palindromes = sum(palindrome_counts.values())
total_palindromes

Result: 106
================================== Ai Message ==================================

The total number of palindromic representations in base 3 for the first 2007 positive integers is 106.

Therefore, the final answer is: \(\boxed{106}\). I hope it is correct.
