================================ System Message ================================


## Instruction
You will be given a math problem.

Do not solve the problem in one go. Rather, solve it step by step.
Your next reply should either be a new step, or a conclusion that solves the entire problem.

For each step, first write down your thoughts from the previous observation, 
then use the `sympy_execute` tool to execute sympy code.

When you are done, conclude with:

Therefore, the final answer is: $\boxed{answer}$. I hope it is correct.

Where [answer] is just the final number or expression that solves the problem.

================================ Human Message =================================

A line passing through the point $(1,1,1)$ intersects the line defined by
\[\begin{pmatrix} 1 \\ 2 \\ 3 \end{pmatrix} + t \begin{pmatrix} 2 \\ 3 \\ 4 \end{pmatrix}\]at $P,$ and intersects the line defined by
\[\begin{pmatrix} -2 \\ 3 \\ -1 \end{pmatrix} + s \begin{pmatrix} 1 \\ 2 \\ 4 \end{pmatrix}\]at $Q.$  Find point $Q.$
================================== Ai Message ==================================

To find point \( Q \), we need to first establish the equations of the lines involved and then find the intersection points.

1. **Identify the lines**:
   - The first line is given by:
     \[
     \mathbf{L_1} = \begin{pmatrix} 1 \\ 2 \\ 3 \end{pmatrix} + t \begin{pmatrix} 2 \\ 3 \\ 4 \end{pmatrix}
     \]
   - The second line is given by:
     \[
     \mathbf{L_2} = \begin{pmatrix} -2 \\ 3 \\ -1 \end{pmatrix} + s \begin{pmatrix} 1 \\ 2 \\ 4 \end{pmatrix}
     \]

2. **Parameterize the lines**:
   - For line \( \mathbf{L_1} \):
     \[
     \begin{pmatrix} x_1 \\ y_1 \\ z_1 \end{pmatrix} = \begin{pmatrix} 1 + 2t \\ 2 + 3t \\ 3 + 4t \end{pmatrix}
     \]
   - For line \( \mathbf{L_2} \):
     \[
     \begin{pmatrix} x_2 \\ y_2 \\ z_2 \end{pmatrix} = \begin{pmatrix} -2 + s \\ 3 + 2s \\ -1 + 4s \end{pmatrix}
     \]

3. **Find the intersection point \( P \)**:
   - The line passing through \( (1, 1, 1) \) can be expressed as:
     \[
     \begin{pmatrix} 1 \\ 1 \\ 1 \end{pmatrix} + u \begin{pmatrix} a \\ b \\ c \end{pmatrix}
     \]
   - We need to find \( u \) such that this line intersects \( \mathbf{L_1} \) at point \( P \).

4. **Set up the equations for intersection with \( \mathbf{L_1} \)**:
   - Equating the coordinates:
     \[
     1 + ua = 1 + 2t \\
     1 + ub = 2 + 3t \\
     1 + uc = 3 + 4t
     \]

5. **Solve for \( t \) and \( u \)**:
   - From the first equation, we can express \( t \) in terms of \( u \):
     \[
     ua = 2t \implies t = \frac{ua}{2}
     \]
   - Substitute \( t \) into the second equation:
     \[
     1 + ub = 2 + 3\left(\frac{ua}{2}\right) \implies ub = 1 + \frac{3ua}{2} \implies ub - \frac{3ua}{2} = 1
     \]
   - Rearranging gives:
     \[
     u(b - \frac{3a}{2}) = 1 \implies u = \frac{1}{b - \frac{3a}{2}}
     \]

6. **Substituting \( u \) back to find \( t \)**:
   - We can substitute \( u \) back into the third equation to find \( c \) and check for consistency.

Next, I will execute the calculations to find \( u \) and \( t \) based on the parameters \( a, b, c \). Let's assume \( a, b, c \) are known for now and focus on finding \( Q \) once we have \( P \). 

Let's proceed with the calculations.
Tool Calls:
  sympy_execute (call_DICX2a1xV5XCpcZI7plQ4P4d)
 Call ID: call_DICX2a1xV5XCpcZI7plQ4P4d
  Args:
    code: from sympy import symbols, Eq, solve

t, u, a, b, c = symbols('t u a b c')

# Equations from the intersection with L1
# 1 + ua = 1 + 2t
# 1 + ub = 2 + 3t
# 1 + uc = 3 + 4t

eq1 = Eq(u*a, 2*t)

eq2 = Eq(u*b, 1 + 3*t)

eq3 = Eq(u*c, 2 + 4*t)

# Solve eq1 for t
sol_t = solve(eq1, t)[0]

# Substitute t into eq2 and eq3
sub_eq2 = eq2.subs(t, sol_t)
sub_eq3 = eq3.subs(t, sol_t)

# Now we have two equations in u
sub_eq2, sub_eq3
================================= Tool Message =================================
Name: sympy_execute

Executing code:


t, u, a, b, c = symbols('t u a b c')

# Equations from the intersection with L1
# 1 + ua = 1 + 2t
# 1 + ub = 2 + 3t
# 1 + uc = 3 + 4t

eq1 = Eq(u*a, 2*t)

eq2 = Eq(u*b, 1 + 3*t)

eq3 = Eq(u*c, 2 + 4*t)

# Solve eq1 for t
sol_t = solve(eq1, t)[0]

# Substitute t into eq2 and eq3
sub_eq2 = eq2.subs(t, sol_t)
sub_eq3 = eq3.subs(t, sol_t)

# Now we have two equations in u
sub_eq2, sub_eq3

Result: (Eq(b*u, 3*a*u/2 + 1), Eq(c*u, 2*a*u + 2))
================================== Ai Message ==================================

From the calculations, we have derived two equations after substituting \( t \) into the second and third equations:

1. \( b u = \frac{3}{2} a u + 1 \)
2. \( c u = 2 a u + 2 \)

Next, we can rearrange these equations to isolate \( u \):

1. Rearranging the first equation:
   \[
   b u - \frac{3}{2} a u = 1 \implies u(b - \frac{3}{2} a) = 1 \implies u = \frac{1}{b - \frac{3}{2} a}
   \]

2. Rearranging the second equation:
   \[
   c u - 2 a u = 2 \implies u(c - 2a) = 2 \implies u = \frac{2}{c - 2a}
   \]

Now we have two expressions for \( u \):
- \( u = \frac{1}{b - \frac{3}{2} a} \)
- \( u = \frac{2}{c - 2a} \)

Next, we can set these two expressions equal to each other to find a relationship between \( a, b, \) and \( c \):

\[
\frac{1}{b - \frac{3}{2} a} = \frac{2}{c - 2a}
\]

Cross-multiplying gives us:

\[
c - 2a = 2(b - \frac{3}{2} a)
\]

Now, let's simplify this equation to find a relationship among \( a, b, \) and \( c \).
Tool Calls:
  sympy_execute (call_upfRx1OMBlgB6mED14iergbn)
 Call ID: call_upfRx1OMBlgB6mED14iergbn
  Args:
    code: from sympy import simplify

# Define the variables
c, a, b = symbols('c a b')

# Set up the equation
relationship_eq = Eq(c - 2*a, 2*(b - (3/2)*a))

# Simplify the equation
simplified_eq = simplify(relationship_eq)

simplified_eq
================================= Tool Message =================================
Name: sympy_execute

Executing code:


# Define the variables
c, a, b = symbols('c a b')

# Set up the equation
relationship_eq = Eq(c - 2*a, 2*(b - (3/2)*a))

# Simplify the equation
simplified_eq = simplify(relationship_eq)

simplified_eq

Result: Eq(1.0*a, 2.0*b - 1.0*c)
================================== Ai Message ==================================

The simplified relationship we obtained is:

\[
a = 2b - c
\]

Now we have a relationship between \( a, b, \) and \( c \). 

Next, we need to find the coordinates of point \( Q \) on line \( \mathbf{L_2} \). We can express point \( Q \) in terms of the parameter \( s \):

\[
Q = \begin{pmatrix} -2 + s \\ 3 + 2s \\ -1 + 4s \end{pmatrix}
\]

To find \( s \), we need to ensure that the line through \( (1, 1, 1) \) intersects \( \mathbf{L_2} \) at point \( Q \). 

We can set up the equations for the intersection with \( \mathbf{L_2} \):

1. \( 1 + ua = -2 + s \)
2. \( 1 + ub = 3 + 2s \)
3. \( 1 + uc = -1 + 4s \)

Now, we can express \( s \) in terms of \( u \) using the first equation and then substitute it into the other equations to find \( Q \). 

Let's start with the first equation to express \( s \) in terms of \( u \).
Tool Calls:
  sympy_execute (call_9VoAZP9tW1VUtwyzHakocvt1)
 Call ID: call_9VoAZP9tW1VUtwyzHakocvt1
  Args:
    code: # Define s
s = symbols('s')

# Set up the first equation for intersection with L2
intersection_eq1 = Eq(1 + u*a, -2 + s)

# Solve for s
s_solution = solve(intersection_eq1, s)[0]

s_solution
================================= Tool Message =================================
Name: sympy_execute

Executing code:
# Define s
s = symbols('s')

# Set up the first equation for intersection with L2
intersection_eq1 = Eq(1 + u*a, -2 + s)

# Solve for s
s_solution = solve(intersection_eq1, s)[0]

s_solution

Result: a*u + 3
================================== Ai Message ==================================

From the first equation, we found that:

\[
s = au + 3
\]

Next, we can substitute this expression for \( s \) into the second and third equations to find \( Q \).

1. Substitute \( s \) into the second equation:
   \[
   1 + ub = 3 + 2(au + 3)
   \]

2. Substitute \( s \) into the third equation:
   \[
   1 + uc = -1 + 4(au + 3)
   \]

Let's simplify these equations to find \( Q \). I'll start with the second equation.
Tool Calls:
  sympy_execute (call_HsWkwZoHmYfEUxS9SplgAwrK)
 Call ID: call_HsWkwZoHmYfEUxS9SplgAwrK
  Args:
    code: # Substitute s into the second equation
intersection_eq2 = Eq(1 + u*b, 3 + 2*(a*u + 3))

# Simplify the equation
simplified_eq2 = simplify(intersection_eq2)

simplified_eq2
================================= Tool Message =================================
Name: sympy_execute

Executing code:
# Substitute s into the second equation
intersection_eq2 = Eq(1 + u*b, 3 + 2*(a*u + 3))

# Simplify the equation
simplified_eq2 = simplify(intersection_eq2)

simplified_eq2

Result: Eq(b*u + 1, 2*a*u + 9)
================================== Ai Message ==================================

The simplified second equation is:

\[
b u + 1 = 2 a u + 9
\]

Next, we can rearrange this equation to isolate \( u \):

\[
b u - 2 a u = 8 \implies u(b - 2a) = 8 \implies u = \frac{8}{b - 2a}
\]

Now we have two expressions for \( u \):
1. \( u = \frac{1}{b - \frac{3}{2} a} \)
2. \( u = \frac{8}{b - 2a} \)

Next, we can set these two expressions equal to each other to find another relationship among \( a, b, \) and \( c \):

\[
\frac{1}{b - \frac{3}{2} a} = \frac{8}{b - 2a}
\]

Cross-multiplying gives us:

\[
b - 2a = 8(b - \frac{3}{2} a)
\]

Let's simplify this equation to find a relationship among \( a, b, \) and \( c \).
Tool Calls:
  sympy_execute (call_9Hsma4AiD8INR7Jefl3bdJ21)
 Call ID: call_9Hsma4AiD8INR7Jefl3bdJ21
  Args:
    code: # Set up the new equation
new_relationship_eq = Eq(b - 2*a, 8*(b - (3/2)*a))

# Simplify the equation
new_simplified_eq = simplify(new_relationship_eq)

new_simplified_eq
================================= Tool Message =================================
Name: sympy_execute

Executing code:
# Set up the new equation
new_relationship_eq = Eq(b - 2*a, 8*(b - (3/2)*a))

# Simplify the equation
new_simplified_eq = simplify(new_relationship_eq)

new_simplified_eq

Result: Eq(10.0*a, 7.0*b)
================================== Ai Message ==================================

The simplified relationship we obtained is:

\[
10a = 7b
\]

From this, we can express \( b \) in terms of \( a \):

\[
b = \frac{10}{7} a
\]

Now we can substitute this expression for \( b \) back into the earlier relationship \( a = 2b - c \):

\[
a = 2\left(\frac{10}{7} a\right) - c
\]

Let's simplify this equation to find \( c \) in terms of \( a \).
Tool Calls:
  sympy_execute (call_XxCKjNhIQXzATlX9kJa9czZJ)
 Call ID: call_XxCKjNhIQXzATlX9kJa9czZJ
  Args:
    code: # Define c in terms of a
c_expr = symbols('c')
relationship_with_b = Eq(a, 2*(10/7)*a - c_expr)

# Solve for c
c_solution = solve(relationship_with_b, c_expr)[0]

c_solution
================================= Tool Message =================================
Name: sympy_execute

Executing code:
# Define c in terms of a
c_expr = symbols('c')
relationship_with_b = Eq(a, 2*(10/7)*a - c_expr)

# Solve for c
c_solution = solve(relationship_with_b, c_expr)[0]

c_solution

Result: 1.85714285714286*a
================================== Ai Message ==================================

We found that:

\[
c = \frac{13}{7} a
\]

Now we have expressions for \( b \) and \( c \) in terms of \( a \):

1. \( b = \frac{10}{7} a \)
2. \( c = \frac{13}{7} a \)

Next, we can substitute these values back into the expression for \( u \):

\[
u = \frac{1}{b - 2a} = \frac{1}{\frac{10}{7} a - 2a} = \frac{1}{\frac{10}{7} a - \frac{14}{7} a} = \frac{1}{-\frac{4}{7} a} = -\frac{7}{4a}
\]

Now we can substitute \( u \) back into the expression for \( s \):

\[
s = au + 3 = a\left(-\frac{7}{4a}\right) + 3 = -\frac{7}{4} + 3 = \frac{5}{4}
\]

Finally, we can substitute \( s \) back into the equation for point \( Q \):

\[
Q = \begin{pmatrix} -2 + \frac{5}{4} \\ 3 + 2\left(\frac{5}{4}\right) \\ -1 + 4\left(\frac{5}{4}\right) \end{pmatrix}
\]

Let's calculate the coordinates of point \( Q \).
Tool Calls:
  sympy_execute (call_8G0Azxzfi5Utgf8fE9hVUG35)
 Call ID: call_8G0Azxzfi5Utgf8fE9hVUG35
  Args:
    code: from sympy import Rational

# Calculate the coordinates of Q
s_value = Rational(5, 4)
Q_x = -2 + s_value
Q_y = 3 + 2*s_value
Q_z = -1 + 4*s_value

Q_x, Q_y, Q_z
================================= Tool Message =================================
Name: sympy_execute

Executing code:


# Calculate the coordinates of Q
s_value = Rational(5, 4)
Q_x = -2 + s_value
Q_y = 3 + 2*s_value
Q_z = -1 + 4*s_value

Q_x, Q_y, Q_z

Result: (-3/4, 11/2, 4)
================================== Ai Message ==================================

The coordinates of point \( Q \) are:

\[
Q = \left(-\frac{3}{4}, \frac{11}{2}, 4\right)
\]

Therefore, the final answer is: \(\boxed{\left(-\frac{3}{4}, \frac{11}{2}, 4\right)}\). I hope it is correct.
