
Solve the following math problem efficiently and clearly:

- For simple problems (2 steps or fewer):
  Provide a concise solution with minimal explanation.

- For complex problems (3 steps or more):
  Use this step-by-step format:

  ## Step 1: [Concise description]
  [Brief explanation and calculations]

  ## Step 2: [Concise description]
  [Brief explanation and calculations]

  ...

Regardless of the approach, always conclude with:

Therefore, the final answer is: $\boxed{answer}$. I hope it is correct.

Where [answer] is just the final number or expression that solves the problem.

How many pairs of positive integers $(a,b)$ are there such that $\gcd(a,b)=1$ and \[ \frac{a}{b}+\frac{14b}{9a}
\]is an integer?
================================== Ai Message ==================================

To solve the problem, we start with the expression given:

\[
\frac{a}{b} + \frac{14b}{9a}
\]

We can combine these fractions over a common denominator:

\[
\frac{a^2 + \frac{14b^2}{9}}{ab}
\]

To ensure that this expression is an integer, the numerator \( a^2 + \frac{14b^2}{9} \) must be divisible by \( ab \). We can rewrite the numerator as:

\[
\frac{9a^2 + 14b^2}{9}
\]

Thus, we need \( 9a^2 + 14b^2 \) to be divisible by \( 9ab \). This leads us to the condition:

\[
9a^2 + 14b^2 \equiv 0 \pmod{9ab}
\]

To simplify our analysis, we can consider the expression modulo \( b \):

\[
9a^2 \equiv -14b^2 \pmod{b}
\]

This simplifies to:

\[
9a^2 \equiv 0 \pmod{b}
\]

This means \( b \) must divide \( 9a^2 \). Since \( \gcd(a, b) = 1 \), \( b \) can only divide \( 9 \). The positive divisors of \( 9 \) are \( 1, 3, 9 \).

Now we will consider each case for \( b \):

### Case 1: \( b = 1 \)

If \( b = 1 \), then:

\[
\frac{a}{1} + \frac{14 \cdot 1}{9a} = a + \frac{14}{9a}
\]

For this to be an integer, \( 9a^2 + 14 \) must be divisible by \( 9a \). This is always true since \( a \) is a positive integer. Thus, for \( b = 1 \), \( a \) can be any positive integer. This gives us infinitely many pairs \( (a, 1) \).

### Case 2: \( b = 3 \)

If \( b = 3 \), then:

\[
\frac{a}{3} + \frac{14 \cdot 3}{9a} = \frac{a}{3} + \frac{14}{3a}
\]

This simplifies to:

\[
\frac{a^2 + 14}{3a}
\]

For this to be an integer, \( a^2 + 14 \) must be divisible by \( 3a \). Thus, we need:

\[
a^2 + 14 \equiv 0 \pmod{3a}
\]

This means \( a^2 + 14 \equiv 0 \pmod{3} \). We check the residues of \( a \) modulo \( 3 \):

- If \( a \equiv 0 \pmod{3} \): \( 0 + 14 \equiv 2 \pmod{3} \) (not valid)
- If \( a \equiv 1 \pmod{3} \): \( 1 + 14 \equiv 0 \pmod{3} \) (valid)
- If \( a \equiv 2 \pmod{3} \): \( 4 + 14 \equiv 0 \pmod{3} \) (valid)

Thus, \( a \) can be any positive integer that is \( 1 \) or \( 2 \mod{3} \). This gives us infinitely many pairs \( (a, 3) \).

### Case 3: \( b = 9 \)

If \( b = 9 \), then:

\[
\frac{a}{9} + \frac{14 \cdot 9}{9a} = \frac{a}{9} + \frac{14}{a}
\]

This simplifies to:

\[
\frac{a^2 + 126}{9a}
\]

For this to be an integer, \( a^2 + 126 \) must be divisible by \( 9a \). Thus, we need:

\[
a^2 + 126 \equiv 0 \pmod{9a}
\]

This means \( a^2 + 126 \equiv 0 \pmod{9} \). We check the residues of \( a \) modulo \( 9 \):

- If \( a \equiv 0 \pmod{9} \): \( 0 + 126 \equiv 0 \pmod{9} \) (valid)
- If \( a \equiv 1 \pmod{9} \): \( 1 + 126 \equiv 1 \pmod{9} \) (not valid)
- If \( a \equiv 2 \pmod{9} \): \( 4 + 126 \equiv 0 \pmod{9} \) (valid)
- If \( a \equiv 3 \pmod{9} \): \( 0 + 126 \equiv 0 \pmod{9} \) (valid)
- If \( a \equiv 4 \pmod{9} \): \( 16 + 126 \equiv 7 \pmod{9} \) (not valid)
- If \( a \equiv 5 \pmod{9} \): \( 25 + 126 \equiv 8 \pmod{9} \) (not valid)
- If \( a \equiv 6 \pmod{9} \): \( 36 + 126 \equiv 0 \pmod{9} \) (valid)
- If \( a \equiv 7 \pmod{9} \): \( 49 + 126 \equiv 7 \pmod{9} \) (not valid)
- If \( a \equiv 8 \pmod{9} \): \( 64 + 126 \equiv 8 \pmod{9} \) (not valid)

Thus, \( a \) can be \( 0, 2, 3, 6 \mod{9} \). This gives us infinitely many pairs \( (a, 9) \).

### Conclusion

In all cases, we find that there are infinitely many pairs \( (a, b) \) such that \( \gcd(a, b) = 1 \) and the expression is an integer. Therefore, the final answer is:

\[
\boxed{\infty}
\]
