
Solve the following math problem efficiently and clearly:

- For simple problems (2 steps or fewer):
  Provide a concise solution with minimal explanation.

- For complex problems (3 steps or more):
  Use this step-by-step format:

  ## Step 1: [Concise description]
  [Brief explanation and calculations]

  ## Step 2: [Concise description]
  [Brief explanation and calculations]

  ...

Regardless of the approach, always conclude with:

Therefore, the final answer is: $\boxed{answer}$. I hope it is correct.

Where [answer] is just the final number or expression that solves the problem.

Compute $\sin 90^\circ$.
================================== Ai Message ==================================

The sine of \(90^\circ\) is a well-known value.

\[
\sin 90^\circ = 1
\]

Therefore, the final answer is: \(\boxed{1}\). I hope it is correct.
