
Solve the following math problem efficiently and clearly:

- For simple problems (2 steps or fewer):
  Provide a concise solution with minimal explanation.

- For complex problems (3 steps or more):
  Use this step-by-step format:

  ## Step 1: [Concise description]
  [Brief explanation and calculations]

  ## Step 2: [Concise description]
  [Brief explanation and calculations]

  ...

Regardless of the approach, always conclude with:

Therefore, the final answer is: $\boxed{answer}$. I hope it is correct.

Where [answer] is just the final number or expression that solves the problem.

Find the ordered pair $(m,n),$ where $m,n$ are positive integers satisfying the following equation:
$$6mn = 27 - 3m - 2n$$
================================== Ai Message ==================================

## Step 1: Rearrange the equation
We start with the equation:
\[
6mn + 3m + 2n = 27
\]
This rearrangement allows us to isolate the terms involving \(m\) and \(n\).

## Step 2: Factor the equation
Next, we can rewrite the equation:
\[
6mn + 3m + 2n - 27 = 0
\]
This is a quadratic in terms of \(m\):
\[
6mn + 3m + (2n - 27) = 0
\]
Using the quadratic formula \(m = \frac{-b \pm \sqrt{b^2 - 4ac}}{2a}\), where \(a = 6n\), \(b = 3\), and \(c = 2n - 27\), we find \(m\).

## Step 3: Calculate the discriminant
The discriminant \(D\) must be non-negative for \(m\) to be an integer:
\[
D = b^2 - 4ac = 3^2 - 4(6n)(2n - 27) = 9 - 24n(2n - 27)
\]
Simplifying:
\[
D = 9 - 48n^2 + 648n
\]
Setting \(D \geq 0\):
\[
-48n^2 + 648n + 9 \geq 0
\]

## Step 4: Solve the quadratic inequality
We can find the roots of the equation:
\[
-48n^2 + 648n + 9 = 0
\]
Using the quadratic formula:
\[
n = \frac{-b \pm \sqrt{b^2 - 4ac}}{2a} = \frac{-648 \pm \sqrt{648^2 - 4 \cdot (-48) \cdot 9}}{2 \cdot (-48)}
\]
Calculating the discriminant:
\[
648^2 + 1728 = 419904 + 1728 = 421632
\]
Finding the roots:
\[
n = \frac{648 \pm \sqrt{421632}}{-96}
\]
Calculating \(\sqrt{421632} \approx 649.0\):
\[
n = \frac{648 \pm 649}{-96}
\]
This gives us two potential values for \(n\):
1. \(n = \frac{1297}{-96}\) (not valid)
2. \(n = \frac{-1}{-96} = \frac{1}{96}\) (not valid)

## Step 5: Check integer values for \(n\)
We can check small integer values for \(n\) to find valid pairs \((m, n)\).

1. For \(n = 1\):
   \[
   6m(1) + 3m + 2(1) = 27 \implies 9m + 2 = 27 \implies 9m = 25 \implies m \text{ not an integer}
   \]

2. For \(n = 2\):
   \[
   6m(2) + 3m + 2(2) = 27 \implies 12m + 3m + 4 = 27 \implies 15m = 23 \implies m \text{ not an integer}
   \]

3. For \(n = 3\):
   \[
   6m(3) + 3m + 2(3) = 27 \implies 18m + 3m + 6 = 27 \implies 21m = 21 \implies m = 1
   \]
   Thus, \((m, n) = (1, 3)\).

4. For \(n = 4\):
   \[
   6m(4) + 3m + 2(4) = 27 \implies 24m + 3m + 8 = 27 \implies 27m = 19 \implies m \text{ not an integer}
   \]

Continuing this process, we find that the only valid ordered pair is \((1, 3)\).

Therefore, the final answer is: \(\boxed{(1, 3)}\). I hope it is correct.
