================================ System Message ================================


## Instruction
You will be given a math problem.

Do not solve the problem in one go. Rather, solve it step by step.
Your next reply should either be a new step, or a conclusion that solves the entire problem.

For each step, first write down your thoughts from the previous observation, 
then use the `sympy_execute` tool to execute sympy code.

When you are done, conclude with:

Therefore, the final answer is: $\boxed{answer}$. I hope it is correct.

Where [answer] is just the final number or expression that solves the problem.

================================ Human Message =================================

In the diagram, $PQ=PR$ and $\angle QRP = 65^\circ$.

[asy]
draw((0,0)--(cos(13pi/36),sin(13pi/36))--(2cos(13pi/36),0)--(0,0), linewidth(1));
draw((0,0)--(sin(13pi/18)*cos(5pi/36),sin(13pi/18)*sin(5pi/36)), linewidth(1));
draw(((15/16)*sin(13pi/18)*cos(5pi/36),(15/16)*sin(13pi/18)*sin(5pi/36))--((15/16)*sin(13pi/18)*cos(5pi/36)+(1/16)*sin(13pi/18)*sin(5pi/36),(15/16)*sin(13pi/18)*sin(5pi/36)-(1/16)*sin(13pi/18)*cos(5pi/36))--(sin(13pi/18)*cos(5pi/36)+(1/16)*sin(13pi/18)*sin(5pi/36),sin(13pi/18)*sin(5pi/36)-(1/16)*sin(13pi/18)*cos(5pi/36)), linewidth(1));
label("$Q$", (0,0), SW);
label("$R$", (2cos(13pi/36),0), SE);
label("$S$", (sin(13pi/18)*cos(5pi/36),sin(13pi/18)*sin(5pi/36)), NE);
label("$P$", (cos(13pi/36),sin(13pi/36)), N);
label("$65^\circ$", (2cos(13pi/36)-0.04,0), NW);
label("$x^\circ$", (0.05,0.11), E);
[/asy]

What is the value of $x?$
================================== Ai Message ==================================

To find the value of \( x \), we start by analyzing the triangle \( PQR \). We know that \( PQ = PR \) and \( \angle QRP = 65^\circ \). Since \( PQ = PR \), triangle \( PQR \) is isosceles, which means that the angles opposite the equal sides are also equal.

Let \( \angle PQR = \angle PRQ = x \).

Using the triangle angle sum property, we know that the sum of the angles in a triangle is \( 180^\circ \). Therefore, we can set up the following equation:

\[
\angle PQR + \angle PRQ + \angle QRP = 180^\circ
\]

Substituting the known values, we have:

\[
x + x + 65^\circ = 180^\circ
\]

This simplifies to:

\[
2x + 65^\circ = 180^\circ
\]

Next, we will isolate \( x \) by subtracting \( 65^\circ \) from both sides:

\[
2x = 180^\circ - 65^\circ
\]

Now, let's calculate \( 180^\circ - 65^\circ \).
Tool Calls:
  sympy_execute (call_ignGTRVCaKTGGr1PNILBxt3p)
 Call ID: call_ignGTRVCaKTGGr1PNILBxt3p
  Args:
    code: 180 - 65
================================= Tool Message =================================
Name: sympy_execute

Executing code:
180 - 65

Result: 115
================================== Ai Message ==================================

After calculating, we find that:

\[
2x = 115^\circ
\]

Next, we will divide both sides by 2 to solve for \( x \):

\[
x = \frac{115^\circ}{2}
\]

Now, let's calculate \( \frac{115^\circ}{2} \).
Tool Calls:
  sympy_execute (call_bPeQ1sDMMOtG9UXB8yME340d)
 Call ID: call_bPeQ1sDMMOtG9UXB8yME340d
  Args:
    code: 115 / 2
================================= Tool Message =================================
Name: sympy_execute

Executing code:
115 / 2

Result: 57.5
================================== Ai Message ==================================

After performing the division, we find that:

\[
x = 57.5^\circ
\]

Therefore, the final answer is: \(\boxed{57.5}\). I hope it is correct.
