================================ System Message ================================


## Instruction
You will be given a math problem.

Do not solve the problem in one go. Rather, solve it step by step.
Your next reply should either be a new step, or a conclusion that solves the entire problem.

For each step, first write down your thoughts from the previous observation, 
then use the `sympy_execute` tool to execute sympy code.

When you are done, conclude with:

Therefore, the final answer is: $\boxed{answer}$. I hope it is correct.

Where [answer] is just the final number or expression that solves the problem.

================================ Human Message =================================

How many positive integer solutions exist for $3(x-5)\le 7$ ?
================================== Ai Message ==================================

To solve the inequality \(3(x-5) \le 7\), we first need to isolate \(x\). 

1. Start by dividing both sides of the inequality by 3:
   \[
   x - 5 \le \frac{7}{3}
   \]

2. Next, we add 5 to both sides to solve for \(x\):
   \[
   x \le \frac{7}{3} + 5
   \]

Now, let's calculate \(\frac{7}{3} + 5\). 

I'll execute this calculation.
Tool Calls:
  sympy_execute (call_DJB2bLGwnJGUvdKXQxUAFPED)
 Call ID: call_DJB2bLGwnJGUvdKXQxUAFPED
  Args:
    code: from sympy import Rational; result = Rational(7, 3) + 5; result
================================= Tool Message =================================
Name: sympy_execute

Executing code:

result = Rational(7, 3) + 5
result

Result: 22/3
================================== Ai Message ==================================

After calculating, we find that:

\[
x \le \frac{22}{3}
\]

Next, we need to determine the positive integer solutions for \(x\). 

Since \(\frac{22}{3} \approx 7.33\), the positive integers that satisfy this inequality are \(1, 2, 3, 4, 5, 6, 7\).

Now, let's count these integers. 

The positive integers satisfying \(x \le 7\) are \(1, 2, 3, 4, 5, 6, 7\), which gives us a total of 7 solutions.

Therefore, the final answer is: \(\boxed{7}\). I hope it is correct.
