================================ System Message ================================


## Instruction
You will be given a math problem.

Do not solve the problem in one go. Rather, solve it step by step.
Your next reply should either be a new step, or a conclusion that solves the entire problem.

For each step, first write down your thoughts from the previous observation, 
then use the `sympy_execute` tool to execute sympy code.

When you are done, conclude with:

Therefore, the final answer is: $\boxed{answer}$. I hope it is correct.

Where [answer] is just the final number or expression that solves the problem.

================================ Human Message =================================

Let $(a_1,b_1),$ $(a_2,b_2),$ $\dots,$ $(a_n,b_n)$ be all the ordered pairs $(a,b)$ of complex numbers with $a^2+b^2\neq 0,$
\[a+\frac{10b}{a^2+b^2}=5, \quad \text{and} \quad b+\frac{10a}{a^2+b^2}=4.\]Find $a_1 + b_1 + a_2 + b_2 + \dots + a_n + b_n.$
================================== Ai Message ==================================

To solve the given equations, we start with the two equations:

1. \( a + \frac{10b}{a^2 + b^2} = 5 \)
2. \( b + \frac{10a}{a^2 + b^2} = 4 \)

Let's denote \( z = a^2 + b^2 \). We can rewrite the equations as:

\[
a + \frac{10b}{z} = 5 \quad \text{(1)}
\]
\[
b + \frac{10a}{z} = 4 \quad \text{(2)}
\]

From equation (1), we can express \( a \) in terms of \( b \) and \( z \):

\[
a = 5 - \frac{10b}{z}
\]

Substituting this expression for \( a \) into equation (2):

\[
b + \frac{10(5 - \frac{10b}{z})}{z} = 4
\]

Now, let's simplify this equation. First, we can distribute the \( \frac{10}{z} \):

\[
b + \frac{50}{z} - \frac{100b}{z^2} = 4
\]

Rearranging gives us:

\[
b - \frac{100b}{z^2} + \frac{50}{z} = 4
\]

Now, let's isolate \( b \):

\[
b \left(1 - \frac{100}{z^2}\right) = 4 - \frac{50}{z}
\]

Next, we can express \( b \):

\[
b = \frac{4 - \frac{50}{z}}{1 - \frac{100}{z^2}}
\]

Now, we need to find \( a \) in terms of \( z \) as well. We can substitute \( b \) back into the expression for \( a \):

\[
a = 5 - \frac{10b}{z}
\]

Next, we will substitute \( b \) into this equation and simplify. 

Let's first find \( z \) by substituting \( a \) and \( b \) back into the equation \( z = a^2 + b^2 \). 

We will need to express both \( a \) and \( b \) in terms of \( z \) and then find \( z \). 

Let's first compute \( a^2 + b^2 \) using the expressions we have. 

We will now compute \( a^2 + b^2 \) using the expressions for \( a \) and \( b \) in terms of \( z \). 

Let's denote \( b = \frac{4z - 50}{z - 100} \) and substitute it into the expression for \( a \):

\[
a = 5 - \frac{10 \left(\frac{4z - 50}{z - 100}\right)}{z}
\]

Now, let's compute \( a^2 + b^2 \) and set it equal to \( z \). 

This will be a bit complex, so let's compute \( a^2 + b^2 \) directly. 

We will compute \( a^2 + b^2 \) and then solve for \( z \). 

Let's execute the calculations for \( a^2 + b^2 \) and find \( z \).
Tool Calls:
  sympy_execute (call_eSrz2ChgCVV4EYlP1uqht97v)
 Call ID: call_eSrz2ChgCVV4EYlP1uqht97v
  Args:
    code: from sympy import symbols, simplify, Eq, solve
z = symbols('z')
a = 5 - (10 * (4*z - 50)/(z - 100))/z
b = (4*z - 50)/(z - 100)
a_squared = a**2
b_squared = b**2
z_expr = simplify(a_squared + b_squared)
z_expr
================================= Tool Message =================================
Name: sympy_execute

Executing code:

z = symbols('z')
a = 5 - (10 * (4*z - 50)/(z - 100))/z
b = (4*z - 50)/(z - 100)
a_squared = a**2
b_squared = b**2
z_expr = simplify(a_squared + b_squared)
z_expr

Result: (41*z**4 - 5800*z**3 + 299100*z**2 - 540000*z + 250000)/(z**2*(z**2 - 200*z + 10000))
================================== Ai Message ==================================

We have computed \( a^2 + b^2 \) and found that:

\[
a^2 + b^2 = \frac{41z^4 - 5800z^3 + 299100z^2 - 540000z + 250000}{z^2(z^2 - 200z + 10000)}
\]

Since \( a^2 + b^2 = z \), we can set up the equation:

\[
z = \frac{41z^4 - 5800z^3 + 299100z^2 - 540000z + 250000}{z^2(z^2 - 200z + 10000)}
\]

To eliminate the fraction, we multiply both sides by \( z^2(z^2 - 200z + 10000) \):

\[
z^3(z^2 - 200z + 10000) = 41z^4 - 5800z^3 + 299100z^2 - 540000z + 250000
\]

Now, let's rearrange this equation to bring all terms to one side:

\[
41z^4 - 5800z^3 + 299100z^2 - 540000z + 250000 - z^3(z^2 - 200z + 10000) = 0
\]

Next, we will expand \( z^3(z^2 - 200z + 10000) \) and combine like terms. 

Let's execute this calculation.
Tool Calls:
  sympy_execute (call_LVeVUCg9FUYcG6p59DIGd9kv)
 Call ID: call_LVeVUCg9FUYcG6p59DIGd9kv
  Args:
    code: from sympy import expand
z = symbols('z')
expr = 41*z**4 - 5800*z**3 + 299100*z**2 - 540000*z + 250000 - z**3*(z**2 - 200*z + 10000)
expanded_expr = expand(expr)
expanded_expr
================================= Tool Message =================================
Name: sympy_execute

Executing code:

z = symbols('z')
expr = 41*z**4 - 5800*z**3 + 299100*z**2 - 540000*z + 250000 - z**3*(z**2 - 200*z + 10000)
expanded_expr = expand(expr)
expanded_expr

Result: -z**5 + 241*z**4 - 15800*z**3 + 299100*z**2 - 540000*z + 250000
================================== Ai Message ==================================

After expanding and rearranging, we have the polynomial:

\[
-z^5 + 241z^4 - 15800z^3 + 299100z^2 - 540000z + 250000 = 0
\]

To find the values of \( z \), we can multiply through by \(-1\) to simplify:

\[
z^5 - 241z^4 + 15800z^3 - 299100z^2 + 540000z - 250000 = 0
\]

Now, we will solve this polynomial equation for \( z \). Let's execute the calculation to find the roots of this polynomial.
Tool Calls:
  sympy_execute (call_qhi177kRFk2c3pGK4sH1FvPH)
 Call ID: call_qhi177kRFk2c3pGK4sH1FvPH
  Args:
    code: from sympy import solve
z = symbols('z')
polynomial = z**5 - 241*z**4 + 15800*z**3 - 299100*z**2 + 540000*z - 250000
roots = solve(polynomial, z)
roots
================================= Tool Message =================================
Name: sympy_execute

Executing code:

z = symbols('z')
polynomial = z**5 - 241*z**4 + 15800*z**3 - 299100*z**2 + 540000*z - 250000
roots = solve(polynomial, z)
roots

Result: [CRootOf(x**5 - 241*x**4 + 15800*x**3 - 299100*x**2 + 540000*x - 250000, 0), CRootOf(x**5 - 241*x**4 + 15800*x**3 - 299100*x**2 + 540000*x - 250000, 1), CRootOf(x**5 - 241*x**4 + 15800*x**3 - 299100*x**2 + 540000*x - 250000, 2), CRootOf(x**5 - 241*x**4 + 15800*x**3 - 299100*x**2 + 540000*x - 250000, 3), CRootOf(x**5 - 241*x**4 + 15800*x**3 - 299100*x**2 + 540000*x - 250000, 4)]
================================== Ai Message ==================================

The roots of the polynomial are given as:

\[
\text{Roots: } CRootOf(x^5 - 241x^4 + 15800x^3 - 299100x^2 + 540000x - 250000, k) \quad \text{for } k = 0, 1, 2, 3, 4
\]

These roots are complex and we need to find the corresponding values of \( a \) and \( b \) for each root \( z \). 

Next, we will substitute each root back into the expressions for \( a \) and \( b \) to find the pairs \( (a, b) \). 

Let's denote the roots as \( z_1, z_2, z_3, z_4, z_5 \) and compute \( a \) and \( b \) for each \( z_k \). 

We will compute \( a \) and \( b \) for each root and then sum \( a + b \) for all pairs. 

Let's execute this calculation for the first root \( z_1 \) and then repeat for the others.
Tool Calls:
  sympy_execute (call_N9DxEQEH7h6jILpR337601LE)
 Call ID: call_N9DxEQEH7h6jILpR337601LE
  Args:
    code: from sympy import CRootOf
z1 = CRootOf(polynomial, 0)
a1 = 5 - (10 * (4*z1 - 50)/(z1 - 100))/z1
b1 = (4*z1 - 50)/(z1 - 100)
a1, b1
================================= Tool Message =================================
Name: sympy_execute

Executing code:

z1 = CRootOf(polynomial, 0)
a1 = 5 - (10 * (4*z1 - 50)/(z1 - 100))/z1
b1 = (4*z1 - 50)/(z1 - 100)
a1, b1

Result: (-(-500 + 40*CRootOf(x**5 - 241*x**4 + 15800*x**3 - 299100*x**2 + 540000*x - 250000, 0))/((-100 + CRootOf(x**5 - 241*x**4 + 15800*x**3 - 299100*x**2 + 540000*x - 250000, 0))*CRootOf(x**5 - 241*x**4 + 15800*x**3 - 299100*x**2 + 540000*x - 250000, 0)) + 5, (-50 + 4*CRootOf(x**5 - 241*x**4 + 15800*x**3 - 299100*x**2 + 540000*x - 250000, 0))/(-100 + CRootOf(x**5 - 241*x**4 + 15800*x**3 - 299100*x**2 + 540000*x - 250000, 0)))
================================== Ai Message ==================================

For the first root \( z_1 \), we have computed:

\[
a_1 = 5 - \frac{-500 + 40z_1}{(-100 + z_1)z_1}
\]
\[
b_1 = \frac{-50 + 4z_1}{-100 + z_1}
\]

Next, we will compute \( a_2 \) and \( b_2 \) for the second root \( z_2 \), and so on for all roots. 

Let's execute the calculations for the second root \( z_2 \).
Tool Calls:
  sympy_execute (call_ExpYz41vjeTechd26ya3bmwR)
 Call ID: call_ExpYz41vjeTechd26ya3bmwR
  Args:
    code: z2 = CRootOf(polynomial, 1)
a2 = 5 - (10 * (4*z2 - 50)/(z2 - 100))/z2
b2 = (4*z2 - 50)/(z2 - 100)
a2, b2
================================= Tool Message =================================
Name: sympy_execute

Executing code:
z2 = CRootOf(polynomial, 1)
a2 = 5 - (10 * (4*z2 - 50)/(z2 - 100))/z2
b2 = (4*z2 - 50)/(z2 - 100)
a2, b2

Result: (-(-500 + 40*CRootOf(x**5 - 241*x**4 + 15800*x**3 - 299100*x**2 + 540000*x - 250000, 1))/((-100 + CRootOf(x**5 - 241*x**4 + 15800*x**3 - 299100*x**2 + 540000*x - 250000, 1))*CRootOf(x**5 - 241*x**4 + 15800*x**3 - 299100*x**2 + 540000*x - 250000, 1)) + 5, (-50 + 4*CRootOf(x**5 - 241*x**4 + 15800*x**3 - 299100*x**2 + 540000*x - 250000, 1))/(-100 + CRootOf(x**5 - 241*x**4 + 15800*x**3 - 299100*x**2 + 540000*x - 250000, 1)))
================================== Ai Message ==================================

For the second root \( z_2 \), we have:

\[
a_2 = 5 - \frac{-500 + 40z_2}{(-100 + z_2)z_2}
\]
\[
b_2 = \frac{-50 + 4z_2}{-100 + z_2}
\]

Next, we will compute \( a_3 \) and \( b_3 \) for the third root \( z_3 \). Let's execute the calculations for \( z_3 \).
Tool Calls:
  sympy_execute (call_y057S49edYcojCPhvvAV0Dh2)
 Call ID: call_y057S49edYcojCPhvvAV0Dh2
  Args:
    code: z3 = CRootOf(polynomial, 2)
a3 = 5 - (10 * (4*z3 - 50)/(z3 - 100))/z3
b3 = (4*z3 - 50)/(z3 - 100)
a3, b3
================================= Tool Message =================================
Name: sympy_execute

Executing code:
z3 = CRootOf(polynomial, 2)
a3 = 5 - (10 * (4*z3 - 50)/(z3 - 100))/z3
b3 = (4*z3 - 50)/(z3 - 100)
a3, b3

Result: (-(-500 + 40*CRootOf(x**5 - 241*x**4 + 15800*x**3 - 299100*x**2 + 540000*x - 250000, 2))/((-100 + CRootOf(x**5 - 241*x**4 + 15800*x**3 - 299100*x**2 + 540000*x - 250000, 2))*CRootOf(x**5 - 241*x**4 + 15800*x**3 - 299100*x**2 + 540000*x - 250000, 2)) + 5, (-50 + 4*CRootOf(x**5 - 241*x**4 + 15800*x**3 - 299100*x**2 + 540000*x - 250000, 2))/(-100 + CRootOf(x**5 - 241*x**4 + 15800*x**3 - 299100*x**2 + 540000*x - 250000, 2)))
================================== Ai Message ==================================

For the third root \( z_3 \), we have:

\[
a_3 = 5 - \frac{-500 + 40z_3}{(-100 + z_3)z_3}
\]
\[
b_3 = \frac{-50 + 4z_3}{-100 + z_3}
\]

Next, we will compute \( a_4 \) and \( b_4 \) for the fourth root \( z_4 \). Let's execute the calculations for \( z_4 \).
Tool Calls:
  sympy_execute (call_rjkwuEfVkxbyKvrDkBRqcK8h)
 Call ID: call_rjkwuEfVkxbyKvrDkBRqcK8h
  Args:
    code: z4 = CRootOf(polynomial, 3)
a4 = 5 - (10 * (4*z4 - 50)/(z4 - 100))/z4
b4 = (4*z4 - 50)/(z4 - 100)
a4, b4
================================= Tool Message =================================
Name: sympy_execute

Executing code:
z4 = CRootOf(polynomial, 3)
a4 = 5 - (10 * (4*z4 - 50)/(z4 - 100))/z4
b4 = (4*z4 - 50)/(z4 - 100)
a4, b4

Result: (-(-500 + 40*CRootOf(x**5 - 241*x**4 + 15800*x**3 - 299100*x**2 + 540000*x - 250000, 3))/((-100 + CRootOf(x**5 - 241*x**4 + 15800*x**3 - 299100*x**2 + 540000*x - 250000, 3))*CRootOf(x**5 - 241*x**4 + 15800*x**3 - 299100*x**2 + 540000*x - 250000, 3)) + 5, (-50 + 4*CRootOf(x**5 - 241*x**4 + 15800*x**3 - 299100*x**2 + 540000*x - 250000, 3))/(-100 + CRootOf(x**5 - 241*x**4 + 15800*x**3 - 299100*x**2 + 540000*x - 250000, 3)))
================================== Ai Message ==================================

For the fourth root \( z_4 \), we have:

\[
a_4 = 5 - \frac{-500 + 40z_4}{(-100 + z_4)z_4}
\]
\[
b_4 = \frac{-50 + 4z_4}{-100 + z_4}
\]

Next, we will compute \( a_5 \) and \( b_5 \) for the fifth root \( z_5 \). Let's execute the calculations for \( z_5 \).
Tool Calls:
  sympy_execute (call_3oIfKimfkjcFZQxYXymzLX0r)
 Call ID: call_3oIfKimfkjcFZQxYXymzLX0r
  Args:
    code: z5 = CRootOf(polynomial, 4)
a5 = 5 - (10 * (4*z5 - 50)/(z5 - 100))/z5
b5 = (4*z5 - 50)/(z5 - 100)
a5, b5
================================= Tool Message =================================
Name: sympy_execute

Executing code:
z5 = CRootOf(polynomial, 4)
a5 = 5 - (10 * (4*z5 - 50)/(z5 - 100))/z5
b5 = (4*z5 - 50)/(z5 - 100)
a5, b5

Result: (-(-500 + 40*CRootOf(x**5 - 241*x**4 + 15800*x**3 - 299100*x**2 + 540000*x - 250000, 4))/((-100 + CRootOf(x**5 - 241*x**4 + 15800*x**3 - 299100*x**2 + 540000*x - 250000, 4))*CRootOf(x**5 - 241*x**4 + 15800*x**3 - 299100*x**2 + 540000*x - 250000, 4)) + 5, (-50 + 4*CRootOf(x**5 - 241*x**4 + 15800*x**3 - 299100*x**2 + 540000*x - 250000, 4))/(-100 + CRootOf(x**5 - 241*x**4 + 15800*x**3 - 299100*x**2 + 540000*x - 250000, 4)))
================================== Ai Message ==================================

For the fifth root \( z_5 \), we have:

\[
a_5 = 5 - \frac{-500 + 40z_5}{(-100 + z_5)z_5}
\]
\[
b_5 = \frac{-50 + 4z_5}{-100 + z_5}
\]

Now we have all pairs \( (a_k, b_k) \) for \( k = 1, 2, 3, 4, 5 \). 

Next, we need to compute the total sum \( a_1 + b_1 + a_2 + b_2 + a_3 + b_3 + a_4 + b_4 + a_5 + b_5 \).

Let's compute this total sum.
Tool Calls:
  sympy_execute (call_7TETYnV6Dl6AbxrtUw11cQ12)
 Call ID: call_7TETYnV6Dl6AbxrtUw11cQ12
  Args:
    code: total_sum = a1 + b1 + a2 + b2 + a3 + b3 + a4 + b4 + a5 + b5
total_sum
================================= Tool Message =================================
Name: sympy_execute

Executing code:
total_sum = a1 + b1 + a2 + b2 + a3 + b3 + a4 + b4 + a5 + b5
total_sum

Result: -(-500 + 40*CRootOf(x**5 - 241*x**4 + 15800*x**3 - 299100*x**2 + 540000*x - 250000, 0))/((-100 + CRootOf(x**5 - 241*x**4 + 15800*x**3 - 299100*x**2 + 540000*x - 250000, 0))*CRootOf(x**5 - 241*x**4 + 15800*x**3 - 299100*x**2 + 540000*x - 250000, 0)) + (-50 + 4*CRootOf(x**5 - 241*x**4 + 15800*x**3 - 299100*x**2 + 540000*x - 250000, 3))/(-100 + CRootOf(x**5 - 241*x**4 + 15800*x**3 - 299100*x**2 + 540000*x - 250000, 3)) - (-500 + 40*CRootOf(x**5 - 241*x**4 + 15800*x**3 - 299100*x**2 + 540000*x - 250000, 1))/((-100 + CRootOf(x**5 - 241*x**4 + 15800*x**3 - 299100*x**2 + 540000*x - 250000, 1))*CRootOf(x**5 - 241*x**4 + 15800*x**3 - 299100*x**2 + 540000*x - 250000, 1)) + (-50 + 4*CRootOf(x**5 - 241*x**4 + 15800*x**3 - 299100*x**2 + 540000*x - 250000, 2))/(-100 + CRootOf(x**5 - 241*x**4 + 15800*x**3 - 299100*x**2 + 540000*x - 250000, 2)) - (-500 + 40*CRootOf(x**5 - 241*x**4 + 15800*x**3 - 299100*x**2 + 540000*x - 250000, 4))/((-100 + CRootOf(x**5 - 241*x**4 + 15800*x**3 - 299100*x**2 + 540000*x - 250000, 4))*CRootOf(x**5 - 241*x**4 + 15800*x**3 - 299100*x**2 + 540000*x - 250000, 4)) - (-500 + 40*CRootOf(x**5 - 241*x**4 + 15800*x**3 - 299100*x**2 + 540000*x - 250000, 2))/((-100 + CRootOf(x**5 - 241*x**4 + 15800*x**3 - 299100*x**2 + 540000*x - 250000, 2))*CRootOf(x**5 - 241*x**4 + 15800*x**3 - 299100*x**2 + 540000*x - 250000, 2)) + (-50 + 4*CRootOf(x**5 - 241*x**4 + 15800*x**3 - 299100*x**2 + 540000*x - 250000, 1))/(-100 + CRootOf(x**5 - 241*x**4 + 15800*x**3 - 299100*x**2 + 540000*x - 250000, 1)) + (-50 + 4*CRootOf(x**5 - 241*x**4 + 15800*x**3 - 299100*x**2 + 540000*x - 250000, 0))/(-100 + CRootOf(x**5 - 241*x**4 + 15800*x**3 - 299100*x**2 + 540000*x - 250000, 0)) - (-500 + 40*CRootOf(x**5 - 241*x**4 + 15800*x**3 - 299100*x**2 + 540000*x - 250000, 3))/((-100 + CRootOf(x**5 - 241*x**4 + 15800*x**3 - 299100*x**2 + 540000*x - 250000, 3))*CRootOf(x**5 - 241*x**4 + 15800*x**3 - 299100*x**2 + 540000*x - 250000, 3)) + (-50 + 4*CRootOf(x**5 - 241*x**4 + 15800*x**3 - 299100*x**2 + 540000*x - 250000, 4))/(-100 + CRootOf(x**5 - 241*x**4 + 15800*x**3 - 299100*x**2 + 540000*x - 250000, 4)) + 25
================================== Ai Message ==================================

The total sum \( a_1 + b_1 + a_2 + b_2 + a_3 + b_3 + a_4 + b_4 + a_5 + b_5 \) is quite complex, but we can simplify it further.

Notice that the expressions for \( a_k \) and \( b_k \) are symmetric in terms of the roots \( z_k \). 

To find the final answer, we can evaluate the total sum directly. 

Let's compute the numerical value of the total sum.
Tool Calls:
  sympy_execute (call_iNJg4YH7BLIa8egqA7XvEc0f)
 Call ID: call_iNJg4YH7BLIa8egqA7XvEc0f
  Args:
    code: total_sum.evalf()
================================= Tool Message =================================
Name: sympy_execute

Executing code:
total_sum.evalf()

Result: 21.6534653465347
================================== Ai Message ==================================

The total sum \( a_1 + b_1 + a_2 + b_2 + a_3 + b_3 + a_4 + b_4 + a_5 + b_5 \) evaluates to approximately \( 21.6534653465347 \).

Therefore, the final answer is: \(\boxed{21.6534653465347}\). I hope it is correct.
