================================ System Message ================================


## Instruction
You will be given a math problem.

Do not solve the problem in one go. Rather, solve it step by step.
Your next reply should either be a new step, or a conclusion that solves the entire problem.

For each step, first write down your thoughts from the previous observation, 
then use the `sympy_execute` tool to execute sympy code.

When you are done, conclude with:

Therefore, the final answer is: $\boxed{answer}$. I hope it is correct.

Where [answer] is just the final number or expression that solves the problem.

================================ Human Message =================================

How many pairs of positive integers $(a,b)$ are there such that $\gcd(a,b)=1$ and \[ \frac{a}{b}+\frac{14b}{9a}
\]is an integer?
================================== Ai Message ==================================

To solve the problem, we start by rewriting the expression given in the problem:

\[
\frac{a}{b} + \frac{14b}{9a}
\]

We want this expression to be an integer. Let's find a common denominator for the two fractions:

\[
\frac{a}{b} + \frac{14b}{9a} = \frac{9a^2 + 14b^2}{9ab}
\]

For this to be an integer, the numerator \(9a^2 + 14b^2\) must be divisible by the denominator \(9ab\). This leads us to the condition:

\[
9a^2 + 14b^2 \equiv 0 \mod{9ab}
\]

Next, we can analyze the expression \(9a^2 + 14b^2\) in terms of its divisibility by \(9ab\). We can rewrite the condition as:

\[
9a^2 + 14b^2 = k \cdot 9ab
\]

for some integer \(k\). Rearranging gives us:

\[
9a^2 - 9kab + 14b^2 = 0
\]

This is a quadratic equation in \(a\). The discriminant of this quadratic must be a perfect square for \(a\) to be an integer:

\[
D = (9kb)^2 - 4 \cdot 9 \cdot 14b^2 = 81k^2b^2 - 504b^2 = b^2(81k^2 - 504)
\]

For \(D\) to be a perfect square, \(81k^2 - 504\) must also be a perfect square. Let’s denote:

\[
m^2 = 81k^2 - 504
\]

Rearranging gives us:

\[
81k^2 - m^2 = 504
\]

This can be factored as:

\[
(9k - m)(9k + m) = 504
\]

Next, we need to find the pairs of factors of 504. The prime factorization of 504 is:

\[
504 = 2^3 \cdot 3^2 \cdot 7
\]

Now, we will find the number of factor pairs of 504. The number of factors can be calculated using the formula for the number of divisors:

\[
(3+1)(2+1)(1+1) = 4 \cdot 3 \cdot 2 = 24
\]

Thus, there are 24 factors of 504, which means there are 12 pairs of factors \((d_1, d_2)\) such that \(d_1 d_2 = 504\).

Next, we will analyze each factor pair \((d_1, d_2)\) to find valid values of \(k\) and \(m\):

1. Set \(9k - m = d_1\) and \(9k + m = d_2\).
2. Adding these equations gives \(18k = d_1 + d_2\), so \(k = \frac{d_1 + d_2}{18}\).
3. Subtracting gives \(2m = d_2 - d_1\), so \(m = \frac{d_2 - d_1}{2}\).

Both \(k\) and \(m\) must be integers, which imposes conditions on \(d_1\) and \(d_2\):

- \(d_1 + d_2\) must be divisible by 18.
- \(d_2 - d_1\) must be even.

Now, we will check each factor pair of 504 to see which ones satisfy these conditions. 

Let's calculate the pairs of factors and check the conditions.
Tool Calls:
  sympy_execute (call_mcqFVgeAdgCirp3MVRP59i1G)
 Call ID: call_mcqFVgeAdgCirp3MVRP59i1G
  Args:
    code: from sympy import divisors
factors = divisors(504)
len(factors)
================================= Tool Message =================================
Name: sympy_execute

Executing code:

factors = divisors(504)
len(factors)

Result: 24
================================== Ai Message ==================================

We confirmed that there are 24 factors of 504. Now, we will list the factor pairs and check the conditions for \(k\) and \(m\).

The factor pairs of 504 are:

1. (1, 504)
2. (2, 252)
3. (3, 168)
4. (4, 126)
5. (6, 84)
6. (7, 72)
7. (8, 63)
8. (9, 56)
9. (12, 42)
10. (14, 36)
11. (18, 28)
12. (21, 24)

Next, we will check each pair to see if \(d_1 + d_2\) is divisible by 18 and if \(d_2 - d_1\) is even. 

Let's calculate these conditions for each pair.
Tool Calls:
  sympy_execute (call_bFr8u1Br3NnamxQo6IwmpTaH)
 Call ID: call_bFr8u1Br3NnamxQo6IwmpTaH
  Args:
    code: pairs = [(1, 504), (2, 252), (3, 168), (4, 126), (6, 84), (7, 72), (8, 63), (9, 56), (12, 42), (14, 36), (18, 28), (21, 24)]
valid_pairs = []
for d1, d2 in pairs:
    if (d1 + d2) % 18 == 0 and (d2 - d1) % 2 == 0:
        valid_pairs.append((d1, d2))
valid_pairs
================================= Tool Message =================================
Name: sympy_execute

Executing code:
pairs = [(1, 504), (2, 252), (3, 168), (4, 126), (6, 84), (7, 72), (8, 63), (9, 56), (12, 42), (14, 36), (18, 28), (21, 24)]
valid_pairs = []
for d1, d2 in pairs:
    if (d1 + d2) % 18 == 0 and (d2 - d1) % 2 == 0:
        valid_pairs.append((d1, d2))
valid_pairs

Result: [(6, 84), (12, 42)]
================================== Ai Message ==================================

The valid pairs that satisfy the conditions are:

1. (6, 84)
2. (12, 42)

Next, we will calculate the corresponding values of \(k\) and \(m\) for these pairs:

1. For the pair (6, 84):
   - \(k = \frac{6 + 84}{18} = 5\)
   - \(m = \frac{84 - 6}{2} = 39\)

2. For the pair (12, 42):
   - \(k = \frac{12 + 42}{18} = 3\)
   - \(m = \frac{42 - 12}{2} = 15\)

Now, we will use these values of \(k\) to find the corresponding values of \(a\) and \(b\) for each case. 

Recall the quadratic equation we derived earlier:

\[
9a^2 - 9kab + 14b^2 = 0
\]

We can use the quadratic formula to find \(a\):

\[
a = \frac{9kb \pm \sqrt{D}}{18}
\]

where \(D = b^2(81k^2 - 504)\). 

Let's calculate the values of \(a\) for both cases.
Tool Calls:
  sympy_execute (call_gTUgmVfWzzjAYUSCUOcs410m)
 Call ID: call_gTUgmVfWzzjAYUSCUOcs410m
  Args:
    code: from sympy import sqrt
results = []
for k, b in [(5, 84), (3, 42)]:
    D = b**2 * (81*k**2 - 504)
    if D >= 0:
        a1 = (9*k*b + sqrt(D)) / 18
        a2 = (9*k*b - sqrt(D)) / 18
        results.append((a1, b))
        results.append((a2, b))
results
================================= Tool Message =================================
Name: sympy_execute

Executing code:

results = []
for k, b in [(5, 84), (3, 42)]:
    D = b**2 * (81*k**2 - 504)
    if D >= 0:
        a1 = (9*k*b + sqrt(D)) / 18
        a2 = (9*k*b - sqrt(D)) / 18
        results.append((a1, b))
        results.append((a2, b))
results

Result: [(392, 84), (28, 84), (98, 42), (28, 42)]
================================== Ai Message ==================================

The calculated pairs \((a, b)\) are:

1. For \(k = 5\) and \(b = 84\):
   - \( (392, 84) \)
   - \( (28, 84) \)

2. For \(k = 3\) and \(b = 42\):
   - \( (98, 42) \)
   - \( (28, 42) \)

Now, we need to ensure that \(\gcd(a, b) = 1\) for each of these pairs:

1. \(\gcd(392, 84)\)
2. \(\gcd(28, 84)\)
3. \(\gcd(98, 42)\)
4. \(\gcd(28, 42)\)

Let's calculate the gcd for each pair.
Tool Calls:
  sympy_execute (call_tAUYopOnRxRF4ryT7weREcnH)
 Call ID: call_tAUYopOnRxRF4ryT7weREcnH
  Args:
    code: from sympy import gcd
pairs = [(392, 84), (28, 84), (98, 42), (28, 42)]
gcd_results = [(a, b, gcd(a, b)) for a, b in pairs]
gcd_results
================================= Tool Message =================================
Name: sympy_execute

Executing code:

pairs = [(392, 84), (28, 84), (98, 42), (28, 42)]
gcd_results = [(a, b, gcd(a, b)) for a, b in pairs]
gcd_results

Result: [(392, 84, 28), (28, 84, 28), (98, 42, 14), (28, 42, 14)]
================================== Ai Message ==================================

The gcd results for the pairs are:

1. \(\gcd(392, 84) = 28\)
2. \(\gcd(28, 84) = 28\)
3. \(\gcd(98, 42) = 14\)
4. \(\gcd(28, 42) = 14\)

None of these pairs satisfy the condition \(\gcd(a, b) = 1\). 

Since we have exhausted all valid pairs and found that none of them meet the gcd condition, we conclude that there are no pairs of positive integers \((a, b)\) such that \(\gcd(a, b) = 1\) and 

\[
\frac{a}{b} + \frac{14b}{9a}
\]

is an integer.

Therefore, the final answer is: \(\boxed{0}\). I hope it is correct.
