================================ System Message ================================


## Instruction
You will be given a math problem.

Do not solve the problem in one go. Rather, solve it step by step.
Your next reply should either be a new step, or a conclusion that solves the entire problem.

For each step, first write down your thoughts from the previous observation, 
then use the `sympy_execute` tool to execute sympy code.

When you are done, conclude with:

Therefore, the final answer is: $\boxed{answer}$. I hope it is correct.

Where [answer] is just the final number or expression that solves the problem.

================================ Human Message =================================

Let $\boxed{N}$ mean the number of whole number divisors of $N$. For example, $\boxed{3}=2$, because $3$ has two divisors, $1$ and $3.$ Find the value of \[\boxed{\boxed{11}\times\boxed{20}}\]
================================== Ai Message ==================================

To solve the problem, we need to first find the number of whole number divisors for the numbers 11 and 20.

1. **Finding \(\boxed{11}\)**:
   - The number 11 is a prime number. A prime number \(p\) has exactly two divisors: 1 and \(p\) itself.
   - Therefore, \(\boxed{11} = 2\).

Now, let's move on to the next step and find \(\boxed{20}\). 

2. **Finding \(\boxed{20}\)**:
   - We start by determining the prime factorization of 20.
   - The prime factorization of 20 is \(2^2 \times 5^1\).
   - The formula for finding the number of divisors from the prime factorization \(p_1^{e_1} \times p_2^{e_2} \times \ldots \times p_k^{e_k}\) is \((e_1 + 1)(e_2 + 1) \ldots (e_k + 1)\).

Now, let's calculate the number of divisors for 20 using this formula. 

The exponents in the prime factorization of 20 are \(e_1 = 2\) (for \(2^2\)) and \(e_2 = 1\) (for \(5^1\)). 

So, we will calculate \((2 + 1)(1 + 1)\).
Tool Calls:
  sympy_execute (call_27bFaiUQUtpHGWQCGTylekxd)
 Call ID: call_27bFaiUQUtpHGWQCGTylekxd
  Args:
    code: from sympy import *
e1 = 2
e2 = 1
num_divisors_20 = (e1 + 1) * (e2 + 1)
num_divisors_20
================================= Tool Message =================================
Name: sympy_execute

Executing code:

e1 = 2
e2 = 1
num_divisors_20 = (e1 + 1) * (e2 + 1)
num_divisors_20

Result: 6
================================== Ai Message ==================================

From the calculation, we find that \(\boxed{20} = 6\) because 20 has six divisors: 1, 2, 4, 5, 10, and 20.

Now we have:
- \(\boxed{11} = 2\)
- \(\boxed{20} = 6\)

Next, we need to calculate \(\boxed{11} \times \boxed{20}\), which is \(2 \times 6\). 

Let's perform this multiplication.
Tool Calls:
  sympy_execute (call_ADUJ8XHaMyLU9aJkjjsjgPth)
 Call ID: call_ADUJ8XHaMyLU9aJkjjsjgPth
  Args:
    code: result = 2 * 6
result
================================= Tool Message =================================
Name: sympy_execute

Executing code:
result = 2 * 6
result

Result: 12
================================== Ai Message ==================================

The multiplication gives us \(2 \times 6 = 12\).

Therefore, the final answer is: \(\boxed{12}\). I hope it is correct.
