================================ System Message ================================


## Instruction
You will be given a math problem.

Do not solve the problem in one go. Rather, solve it step by step.
Your next reply should either be a new step, or a conclusion that solves the entire problem.

For each step, first write down your thoughts from the previous observation, 
then use the `sympy_execute` tool to execute sympy code.

When you are done, conclude with:

Therefore, the final answer is: $\boxed{answer}$. I hope it is correct.

Where [answer] is just the final number or expression that solves the problem.

================================ Human Message =================================

Given the equations $3x+y=17,5y+z=14$ and $3x+5z=41$, what is the value of the sum $x+y+z$?
================================== Ai Message ==================================

To solve the system of equations, we have the following three equations:

1. \( 3x + y = 17 \)  (Equation 1)
2. \( 5y + z = 14 \)  (Equation 2)
3. \( 3x + 5z = 41 \)  (Equation 3)

First, I will express \( y \) in terms of \( x \) using Equation 1. 

From Equation 1:
\[
y = 17 - 3x
\]

Now, I will substitute this expression for \( y \) into Equation 2 to find \( z \) in terms of \( x \). 

Substituting \( y \) into Equation 2:
\[
5(17 - 3x) + z = 14
\]

Now, I will simplify this equation.
Tool Calls:
  sympy_execute (call_wldAaVHDMQxDr8alEXfDP5BB)
 Call ID: call_wldAaVHDMQxDr8alEXfDP5BB
  Args:
    code: from sympy import symbols, Eq, solve
x, y, z = symbols('x y z')
equation_2 = Eq(5*(17 - 3*x) + z, 14)
simplified_equation_2 = equation_2.simplify()
simplified_equation_2
================================= Tool Message =================================
Name: sympy_execute

Executing code:

x, y, z = symbols('x y z')
equation_2 = Eq(5*(17 - 3*x) + z, 14)
simplified_equation_2 = equation_2.simplify()
simplified_equation_2

Result: Eq(15*x - z, 71)
================================== Ai Message ==================================

After substituting \( y \) into Equation 2, we simplified it to:

\[
15x - z = 71
\]

Now, I will express \( z \) in terms of \( x \):

\[
z = 15x - 71
\]

Next, I will substitute this expression for \( z \) into Equation 3 to find \( x \). 

Substituting \( z \) into Equation 3:
\[
3x + 5(15x - 71) = 41
\]

Now, I will simplify this equation.
Tool Calls:
  sympy_execute (call_1Uzv9nA5Q5ffvNNITabu3J2F)
 Call ID: call_1Uzv9nA5Q5ffvNNITabu3J2F
  Args:
    code: equation_3 = Eq(3*x + 5*(15*x - 71), 41)
simplified_equation_3 = equation_3.simplify()
simplified_equation_3
================================= Tool Message =================================
Name: sympy_execute

Executing code:
equation_3 = Eq(3*x + 5*(15*x - 71), 41)
simplified_equation_3 = equation_3.simplify()
simplified_equation_3

Result: Eq(x, 66/13)
================================== Ai Message ==================================

After simplifying Equation 3, we find:

\[
x = \frac{66}{13}
\]

Now that we have \( x \), I will substitute this value back into the expression for \( y \) that we derived earlier:

\[
y = 17 - 3x
\]

Substituting \( x \) into this equation: 
\[
y = 17 - 3\left(\frac{66}{13}\right)
\]

Next, I will simplify this expression to find \( y \).
Tool Calls:
  sympy_execute (call_C1g5EjhgJxziiuPoQ6jpuu2V)
 Call ID: call_C1g5EjhgJxziiuPoQ6jpuu2V
  Args:
    code: y_value = 17 - 3*(66/13)
y_value
================================= Tool Message =================================
Name: sympy_execute

Executing code:
y_value = 17 - 3*(66/13)
y_value

Result: 1.76923076923077
================================== Ai Message ==================================

After substituting \( x \) into the equation for \( y \), we find:

\[
y \approx 1.76923076923077
\]

Now, I will substitute the value of \( x \) into the expression for \( z \) that we derived earlier:

\[
z = 15x - 71
\]

Substituting \( x \) into this equation:
\[
z = 15\left(\frac{66}{13}\right) - 71
\]

Next, I will simplify this expression to find \( z \).
Tool Calls:
  sympy_execute (call_n6OVzcCDf6LRuiCVvQPUHFGe)
 Call ID: call_n6OVzcCDf6LRuiCVvQPUHFGe
  Args:
    code: z_value = 15*(66/13) - 71
z_value
================================= Tool Message =================================
Name: sympy_execute

Executing code:
z_value = 15*(66/13) - 71
z_value

Result: 5.153846153846146
================================== Ai Message ==================================

After substituting \( x \) into the equation for \( z \), we find:

\[
z \approx 5.153846153846146
\]

Now we have the values for \( x \), \( y \), and \( z \):

- \( x = \frac{66}{13} \)
- \( y \approx 1.76923076923077 \)
- \( z \approx 5.153846153846146 \)

Next, I will calculate the sum \( x + y + z \). 

Let's compute this sum.
Tool Calls:
  sympy_execute (call_2GpWCToiAwOHDpQuwNlqXSR8)
 Call ID: call_2GpWCToiAwOHDpQuwNlqXSR8
  Args:
    code: x_value = 66/13
y_value = 17 - 3*(66/13)
z_value = 15*(66/13) - 71
sum_value = x_value + y_value + z_value
sum_value
================================= Tool Message =================================
Name: sympy_execute

Executing code:
x_value = 66/13
y_value = 17 - 3*(66/13)
z_value = 15*(66/13) - 71
sum_value = x_value + y_value + z_value
sum_value

Result: 11.999999999999993
================================== Ai Message ==================================

The sum \( x + y + z \) is approximately:

\[
x + y + z \approx 12
\]

Therefore, the final answer is: \(\boxed{12}\). I hope it is correct.
