================================ System Message ================================


## Instruction
You will be given a math problem.

Do not solve the problem in one go. Rather, solve it step by step.
Your next reply should either be a new step, or a conclusion that solves the entire problem.

For each step, first write down your thoughts from the previous observation, 
then use the `sympy_execute` tool to execute sympy code.

When you are done, conclude with:

Therefore, the final answer is: $\boxed{answer}$. I hope it is correct.

Where [answer] is just the final number or expression that solves the problem.

================================ Human Message =================================

Find all the integer roots of
\[2x^3 + 13x^2 - 23x + 8 = 0.\]Enter all the integer roots, separated by commas.
================================== Ai Message ==================================

To find the integer roots of the polynomial \(2x^3 + 13x^2 - 23x + 8 = 0\), we can use the Rational Root Theorem. This theorem states that any rational solution, in the form of a fraction \( \frac{p}{q} \), must have \( p \) as a factor of the constant term and \( q \) as a factor of the leading coefficient.

1. The constant term is \(8\), and its factors are \( \pm 1, \pm 2, \pm 4, \pm 8\).
2. The leading coefficient is \(2\), and its factors are \( \pm 1, \pm 2\).

Thus, the possible rational roots (which are also the integer roots in this case) are:
\[
\pm 1, \pm 2, \pm 4, \pm 8
\]

Next, we will evaluate the polynomial at these possible integer roots to see which ones yield zero.

Let's start by evaluating the polynomial at \(x = 1\). 

I will execute the polynomial evaluation for \(x = 1\).
Tool Calls:
  sympy_execute (call_jpslmunGInbwNdtbndBuqrtd)
 Call ID: call_jpslmunGInbwNdtbndBuqrtd
  Args:
    code: from sympy import symbols
x = symbols('x')
poly = 2*x**3 + 13*x**2 - 23*x + 8
poly.subs(x, 1)
================================= Tool Message =================================
Name: sympy_execute

Executing code:

x = symbols('x')
poly = 2*x**3 + 13*x**2 - 23*x + 8
poly.subs(x, 1)

Result: 0
================================== Ai Message ==================================

Evaluating the polynomial at \(x = 1\) gives us \(0\). This means that \(x = 1\) is indeed a root of the polynomial.

Next, let's evaluate the polynomial at \(x = -1\). I will execute the polynomial evaluation for \(x = -1\).
Tool Calls:
  sympy_execute (call_8dzqOtCIEZNipjqcDPe66Irs)
 Call ID: call_8dzqOtCIEZNipjqcDPe66Irs
  Args:
    code: poly.subs(x, -1)
================================= Tool Message =================================
Name: sympy_execute

Error: 'function' object has no attribute 'subs'
================================== Ai Message ==================================

It seems there was an issue with the previous execution. Let me redefine the polynomial and evaluate it at \(x = -1\) again.
Tool Calls:
  sympy_execute (call_NzDmgLqkt9gl3PK2MQGDcOaw)
 Call ID: call_NzDmgLqkt9gl3PK2MQGDcOaw
  Args:
    code: from sympy import symbols
x = symbols('x')
poly = 2*x**3 + 13*x**2 - 23*x + 8
poly.subs(x, -1)
================================= Tool Message =================================
Name: sympy_execute

Executing code:

x = symbols('x')
poly = 2*x**3 + 13*x**2 - 23*x + 8
poly.subs(x, -1)

Result: 42
================================== Ai Message ==================================

Evaluating the polynomial at \(x = -1\) gives us \(42\), which means that \(x = -1\) is not a root.

Next, let's evaluate the polynomial at \(x = 2\). I will execute the polynomial evaluation for \(x = 2\).
Tool Calls:
  sympy_execute (call_PfRdLV0W5FfKQHxmuSAhfxpR)
 Call ID: call_PfRdLV0W5FfKQHxmuSAhfxpR
  Args:
    code: poly.subs(x, 2)
================================= Tool Message =================================
Name: sympy_execute

Error: 'function' object has no attribute 'subs'
================================== Ai Message ==================================

It seems I need to redefine the polynomial again to evaluate it at \(x = 2\). Let me do that.
Tool Calls:
  sympy_execute (call_9RO8LogWAShf9n36Oc8sEr3Y)
 Call ID: call_9RO8LogWAShf9n36Oc8sEr3Y
  Args:
    code: poly.subs(x, 2)
================================= Tool Message =================================
Name: sympy_execute

Error: 'function' object has no attribute 'subs'
================================== Ai Message ==================================

It appears that I am encountering a persistent issue with evaluating the polynomial. Let me redefine the polynomial and evaluate it at \(x = 2\) one more time.
Tool Calls:
  sympy_execute (call_IyAaKTNqXL5PvBercXJMpglJ)
 Call ID: call_IyAaKTNqXL5PvBercXJMpglJ
  Args:
    code: from sympy import symbols
x = symbols('x')
poly = 2*x**3 + 13*x**2 - 23*x + 8
poly.subs(x, 2)
================================= Tool Message =================================
Name: sympy_execute

Executing code:

x = symbols('x')
poly = 2*x**3 + 13*x**2 - 23*x + 8
poly.subs(x, 2)

Result: 30
================================== Ai Message ==================================

Evaluating the polynomial at \(x = 2\) gives us \(30\), which means that \(x = 2\) is not a root.

Next, let's evaluate the polynomial at \(x = -2\). I will execute the polynomial evaluation for \(x = -2\).
Tool Calls:
  sympy_execute (call_QfYHzafPx3F6es7JV2W0IHeL)
 Call ID: call_QfYHzafPx3F6es7JV2W0IHeL
  Args:
    code: poly.subs(x, -2)
================================= Tool Message =================================
Name: sympy_execute

Error: 'function' object has no attribute 'subs'
================================== Ai Message ==================================

It seems I'm still facing issues with evaluating the polynomial. Let me redefine the polynomial and evaluate it at \(x = -2\) again.
Tool Calls:
  sympy_execute (call_FjGyTewCc28inMoJZ3rwBcFZ)
 Call ID: call_FjGyTewCc28inMoJZ3rwBcFZ
  Args:
    code: poly.subs(x, -2)
================================= Tool Message =================================
Name: sympy_execute

Error: 'function' object has no attribute 'subs'
================================== Ai Message ==================================

I am unable to evaluate the polynomial directly due to a persistent issue. However, I can manually calculate the polynomial values for the remaining candidates.

Let's evaluate the polynomial at \(x = -2\) manually:

\[
2(-2)^3 + 13(-2)^2 - 23(-2) + 8
\]

Calculating each term:
- \(2(-2)^3 = 2 \cdot (-8) = -16\)
- \(13(-2)^2 = 13 \cdot 4 = 52\)
- \(-23(-2) = 46\)
- The constant term is \(8\).

Now, summing these values:
\[
-16 + 52 + 46 + 8 = 90
\]

So, \(x = -2\) is not a root.

Next, let's evaluate the polynomial at \(x = 4\). I will calculate it manually:

\[
2(4)^3 + 13(4)^2 - 23(4) + 8
\]

Calculating each term:
- \(2(4)^3 = 2 \cdot 64 = 128\)
- \(13(4)^2 = 13 \cdot 16 = 208\)
- \(-23(4) = -92\)
- The constant term is \(8\).

Now, summing these values:
\[
128 + 208 - 92 + 8 = 252
\]

So, \(x = 4\) is not a root.

Next, let's evaluate the polynomial at \(x = -4\):

\[
2(-4)^3 + 13(-4)^2 - 23(-4) + 8
\]

Calculating each term:
- \(2(-4)^3 = 2 \cdot (-64) = -128\)
- \(13(-4)^2 = 13 \cdot 16 = 208\)
- \(-23(-4) = 92\)
- The constant term is \(8\).

Now, summing these values:
\[
-128 + 208 + 92 + 8 = 180
\]

So, \(x = -4\) is not a root.

Finally, let's evaluate the polynomial at \(x = 8\):

\[
2(8)^3 + 13(8)^2 - 23(8) + 8
\]

Calculating each term:
- \(2(8)^3 = 2 \cdot 512 = 1024\)
- \(13(8)^2 = 13 \cdot 64 = 832\)
- \(-23(8) = -184\)
- The constant term is \(8\).

Now, summing these values:
\[
1024 + 832 - 184 + 8 = 1680
\]

So, \(x = 8\) is not a root.

Now, let's evaluate the polynomial at \(x = -8\):

\[
2(-8)^3 + 13(-8)^2 - 23(-8) + 8
\]

Calculating each term:
- \(2(-8)^3 = 2 \cdot (-512) = -1024\)
- \(13(-8)^2 = 13 \cdot 64 = 832\)
- \(-23(-8) = 184\)
- The constant term is \(8\).

Now, summing these values:
\[
-1024 + 832 + 184 + 8 = 0
\]

Thus, \(x = -8\) is also a root.

In summary, the integer roots we found are \(x = 1\) and \(x = -8\).

Therefore, the final answer is: \(\boxed{1, -8}\). I hope it is correct.
