================================ System Message ================================


## Instruction
You will be given a math problem.

Do not solve the problem in one go. Rather, solve it step by step.
Your next reply should either be a new step, or a conclusion that solves the entire problem.

For each step, first write down your thoughts from the previous observation, 
then use the `sympy_execute` tool to execute sympy code.

When you are done, conclude with:

Therefore, the final answer is: $\boxed{answer}$. I hope it is correct.

Where [answer] is just the final number or expression that solves the problem.

================================ Human Message =================================

What is the sum of the digits when $527_{10}$ is converted to base 4?  (When you add the digits, express the sum in base 10.)
================================== Ai Message ==================================

To find the sum of the digits of \( 527_{10} \) when converted to base 4, we first need to convert the decimal number \( 527 \) into base 4.

The process of converting a decimal number to another base involves repeatedly dividing the number by the base and keeping track of the remainders. The remainders will represent the digits in the new base, starting from the least significant digit.

Let's start by dividing \( 527 \) by \( 4 \) and recording the remainders. 

1. Divide \( 527 \) by \( 4 \).
2. Record the quotient and the remainder.
3. Repeat the process with the quotient until it becomes \( 0 \).

I'll perform the first division now.
Tool Calls:
  sympy_execute (call_ELUcRQ5ZxyRVgcqv6GRGj7JT)
 Call ID: call_ELUcRQ5ZxyRVgcqv6GRGj7JT
  Args:
    code: 527 // 4, 527 % 4
================================= Tool Message =================================
Name: sympy_execute

Executing code:
527 // 4, 527 % 4

Result: (131, 3)
================================== Ai Message ==================================

When we divide \( 527 \) by \( 4 \), we get a quotient of \( 131 \) and a remainder of \( 3 \). 

Now, we will take the quotient \( 131 \) and divide it by \( 4 \) again to continue the conversion process.
Tool Calls:
  sympy_execute (call_ZISpfQOQ0xbGHOrTHelkRKQd)
 Call ID: call_ZISpfQOQ0xbGHOrTHelkRKQd
  Args:
    code: 131 // 4, 131 % 4
================================= Tool Message =================================
Name: sympy_execute

Executing code:
131 // 4, 131 % 4

Result: (32, 3)
================================== Ai Message ==================================

Dividing \( 131 \) by \( 4 \) gives us a quotient of \( 32 \) and a remainder of \( 3 \).

Next, we will take the quotient \( 32 \) and divide it by \( 4 \) again.
Tool Calls:
  sympy_execute (call_X5kFl8mXRmLFlrVYrIxZ7Ls7)
 Call ID: call_X5kFl8mXRmLFlrVYrIxZ7Ls7
  Args:
    code: 32 // 4, 32 % 4
================================= Tool Message =================================
Name: sympy_execute

Executing code:
32 // 4, 32 % 4

Result: (8, 0)
================================== Ai Message ==================================

When we divide \( 32 \) by \( 4 \), we get a quotient of \( 8 \) and a remainder of \( 0 \).

Now, we will take the quotient \( 8 \) and divide it by \( 4 \) once more.
Tool Calls:
  sympy_execute (call_LO6zIxYE0eJJcKiIKoAOO0C6)
 Call ID: call_LO6zIxYE0eJJcKiIKoAOO0C6
  Args:
    code: 8 // 4, 8 % 4
================================= Tool Message =================================
Name: sympy_execute

Executing code:
8 // 4, 8 % 4

Result: (2, 0)
================================== Ai Message ==================================

Dividing \( 8 \) by \( 4 \) gives us a quotient of \( 2 \) and a remainder of \( 0 \).

Next, we will take the quotient \( 2 \) and divide it by \( 4 \) again.
Tool Calls:
  sympy_execute (call_n6OVzcCDf6LRuiCVvQPUHFGe)
 Call ID: call_n6OVzcCDf6LRuiCVvQPUHFGe
  Args:
    code: 2 // 4, 2 % 4
================================= Tool Message =================================
Name: sympy_execute

Executing code:
2 // 4, 2 % 4

Result: (0, 2)
================================== Ai Message ==================================

When we divide \( 2 \) by \( 4 \), we get a quotient of \( 0 \) and a remainder of \( 2 \).

Now that the quotient is \( 0 \), we can stop the division process. 

The remainders we obtained, in reverse order, are:
- From \( 2 \): \( 2 \)
- From \( 8 \): \( 0 \)
- From \( 32 \): \( 0 \)
- From \( 131 \): \( 3 \)
- From \( 527 \): \( 3 \)

Thus, \( 527_{10} \) in base \( 4 \) is represented as \( 20033_4 \).

Next, we will sum the digits of \( 20033_4 \). The digits are \( 2, 0, 0, 3, 3 \). Let's calculate the sum of these digits.
Tool Calls:
  sympy_execute (call_uoOnSLyb8DrLSmxwWjhXiEbK)
 Call ID: call_uoOnSLyb8DrLSmxwWjhXiEbK
  Args:
    code: 2 + 0 + 0 + 3 + 3
================================= Tool Message =================================
Name: sympy_execute

Executing code:
2 + 0 + 0 + 3 + 3

Result: 8
================================== Ai Message ==================================

The sum of the digits \( 2, 0, 0, 3, 3 \) is \( 8 \).

Therefore, the final answer is: \(\boxed{8}\). I hope it is correct.
