================================ System Message ================================


## Instruction
You will be given a math problem.

Do not solve the problem in one go. Rather, solve it step by step.
Your next reply should either be a new step, or a conclusion that solves the entire problem.

For each step, first write down your thoughts from the previous observation, 
then use the `sympy_execute` tool to execute sympy code.

When you are done, conclude with:

Therefore, the final answer is: $\boxed{answer}$. I hope it is correct.

Where [answer] is just the final number or expression that solves the problem.

================================ Human Message =================================

Find the modulo 4 residue of $121 \cdot 122 \cdot 123$.
================================== Ai Message ==================================

To find the modulo 4 residue of \(121 \cdot 122 \cdot 123\), we can first find the modulo 4 residues of each individual number.

1. Calculate \(121 \mod 4\):
   - \(121\) divided by \(4\) gives a remainder. 

Let's compute that.
Tool Calls:
  sympy_execute (call_tv2rutqlOvT1J9tgS3qtX6XB)
 Call ID: call_tv2rutqlOvT1J9tgS3qtX6XB
  Args:
    code: 121 % 4
================================= Tool Message =================================
Name: sympy_execute

Executing code:
121 % 4

Result: 1
================================== Ai Message ==================================

The modulo 4 residue of \(121\) is \(1\).

2. Next, calculate \(122 \mod 4\):
   - Similarly, we will find the remainder when \(122\) is divided by \(4\).

Let's compute that.
Tool Calls:
  sympy_execute (call_hm5ylHmuFj0Ix38SEI9BGBlD)
 Call ID: call_hm5ylHmuFj0Ix38SEI9BGBlD
  Args:
    code: 122 % 4
================================= Tool Message =================================
Name: sympy_execute

Executing code:
122 % 4

Result: 2
================================== Ai Message ==================================

The modulo 4 residue of \(122\) is \(2\).

3. Now, calculate \(123 \mod 4\):
   - We will find the remainder when \(123\) is divided by \(4\).

Let's compute that.
Tool Calls:
  sympy_execute (call_rdUsr5IS9z32VRVObDOqLWq0)
 Call ID: call_rdUsr5IS9z32VRVObDOqLWq0
  Args:
    code: 123 % 4
================================= Tool Message =================================
Name: sympy_execute

Executing code:
123 % 4

Result: 3
================================== Ai Message ==================================

The modulo 4 residue of \(123\) is \(3\).

Now we have the residues:
- \(121 \mod 4 = 1\)
- \(122 \mod 4 = 2\)
- \(123 \mod 4 = 3\)

Next, we can multiply these residues together and then take the result modulo \(4\):

\[
(1 \cdot 2 \cdot 3) \mod 4
\]

Let's compute that product first.
Tool Calls:
  sympy_execute (call_48c3R9wlD6iUa8d64Jsbrjge)
 Call ID: call_48c3R9wlD6iUa8d64Jsbrjge
  Args:
    code: (1 * 2 * 3) % 4
================================= Tool Message =================================
Name: sympy_execute

Executing code:
(1 * 2 * 3) % 4

Result: 2
================================== Ai Message ==================================

The product \(1 \cdot 2 \cdot 3\) modulo \(4\) is \(2\).

Therefore, the final answer is: \(\boxed{2}\). I hope it is correct.
