
Solve the following math problem efficiently and clearly:

- For simple problems (2 steps or fewer):
  Provide a concise solution with minimal explanation.

- For complex problems (3 steps or more):
  Use this step-by-step format:

  ## Step 1: [Concise description]
  [Brief explanation and calculations]

  ## Step 2: [Concise description]
  [Brief explanation and calculations]

  ...

Regardless of the approach, always conclude with:

Therefore, the final answer is: $\boxed{answer}$. I hope it is correct.

Where [answer] is just the final number or expression that solves the problem.

Let $(a_1,b_1),$ $(a_2,b_2),$ $\dots,$ $(a_n,b_n)$ be all the ordered pairs $(a,b)$ of complex numbers with $a^2+b^2\neq 0,$
\[a+\frac{10b}{a^2+b^2}=5, \quad \text{and} \quad b+\frac{10a}{a^2+b^2}=4.\]Find $a_1 + b_1 + a_2 + b_2 + \dots + a_n + b_n.$
================================== Ai Message ==================================

To solve the system of equations given by 

\[
a + \frac{10b}{a^2 + b^2} = 5
\]
and 
\[
b + \frac{10a}{a^2 + b^2} = 4,
\]

we start by introducing a new variable \( z = a^2 + b^2 \). We can rewrite the equations as:

\[
a + \frac{10b}{z} = 5 \quad \text{(1)}
\]
\[
b + \frac{10a}{z} = 4 \quad \text{(2)}
\]

From equation (1), we can express \( a \) in terms of \( b \) and \( z \):

\[
a = 5 - \frac{10b}{z}.
\]

Substituting this expression for \( a \) into equation (2):

\[
b + \frac{10(5 - \frac{10b}{z})}{z} = 4.
\]

Simplifying this gives:

\[
b + \frac{50}{z} - \frac{100b}{z^2} = 4.
\]

Rearranging terms leads to:

\[
b - \frac{100b}{z^2} = 4 - \frac{50}{z}.
\]

Factoring out \( b \):

\[
b \left(1 - \frac{100}{z^2}\right) = 4 - \frac{50}{z}.
\]

Now, we can express \( b \):

\[
b = \frac{4 - \frac{50}{z}}{1 - \frac{100}{z^2}}.
\]

Next, we substitute \( b \) back into equation (1) to find \( a \):

\[
a = 5 - \frac{10}{z} \cdot \frac{4 - \frac{50}{z}}{1 - \frac{100}{z^2}}.
\]

This leads to a complex expression, so we will instead manipulate the original equations directly. 

Multiply both equations by \( z \):

\[
az + 10b = 5z \quad \text{(3)}
\]
\[
bz + 10a = 4z \quad \text{(4)}
\]

From equation (3):

\[
az + 10b - 5z = 0 \implies az + 10b = 5z.
\]

From equation (4):

\[
bz + 10a - 4z = 0 \implies bz + 10a = 4z.
\]

Now, we can express \( z \) in terms of \( a \) and \( b \):

From (3):

\[
az + 10b = 5z \implies z(a - 5) = -10b \implies z = \frac{-10b}{a - 5} \quad \text{(5)}
\]

From (4):

\[
bz + 10a = 4z \implies z(b - 4) = -10a \implies z = \frac{-10a}{b - 4} \quad \text{(6)}
\]

Setting equations (5) and (6) equal gives:

\[
\frac{-10b}{a - 5} = \frac{-10a}{b - 4}.
\]

Cross-multiplying yields:

\[
10b(b - 4) = 10a(a - 5).
\]

Dividing by 10:

\[
b(b - 4) = a(a - 5).
\]

Expanding both sides:

\[
b^2 - 4b = a^2 - 5a.
\]

Rearranging gives:

\[
a^2 - b^2 - 5a + 4b = 0.
\]

Factoring the left-hand side:

\[
(a - b)(a + b) - 5a + 4b = 0.
\]

This is a quadratic in \( a \):

\[
a^2 - 5a + (b^2 + 4b) = 0.
\]

Using the quadratic formula:

\[
a = \frac{5 \pm \sqrt{25 - 4(b^2 + 4b)}}{2}.
\]

The discriminant must be non-negative:

\[
25 - 4b^2 - 16b \geq 0 \implies 4b^2 + 16b - 25 \leq 0.
\]

Factoring gives:

\[
(2b + 5)^2 - 50 \leq 0 \implies (2b + 5 - 5\sqrt{2})(2b + 5 + 5\sqrt{2}) \leq 0.
\]

The roots are:

\[
b = \frac{-5 \pm 5\sqrt{2}}{2}.
\]

Calculating the roots gives:

\[
b_1 = \frac{-5 + 5\sqrt{2}}{2}, \quad b_2 = \frac{-5 - 5\sqrt{2}}{2}.
\]

Substituting back to find \( a \):

For \( b_1 \):

\[
a_1 = 5 - \frac{10b_1}{z_1}, \quad z_1 = a_1^2 + b_1^2.
\]

For \( b_2 \):

\[
a_2 = 5 - \frac{10b_2}{z_2}, \quad z_2 = a_2^2 + b_2^2.
\]

Finally, we find \( a_1 + b_1 + a_2 + b_2 \):

\[
= \left(5 + \frac{-5 + 5\sqrt{2}}{2}\right) + \left(5 + \frac{-5 - 5\sqrt{2}}{2}\right) = 10.
\]

Thus, the final answer is:

\[
\boxed{10}.
\]
