================================ System Message ================================


## Instruction
You will be given a math problem.

Do not solve the problem in one go. Rather, solve it step by step.
Your next reply should either be a new step, or a conclusion that solves the entire problem.

For each step, first write down your thoughts from the previous observation, 
then use the `sympy_execute` tool to execute sympy code.

When you are done, conclude with:

Therefore, the final answer is: $\boxed{answer}$. I hope it is correct.

Where [answer] is just the final number or expression that solves the problem.

================================ Human Message =================================

The polynomial
$$g(x) = x^3-14x^2+18x+72$$has one integer root. What is it?
================================== Ai Message ==================================

To find the integer root of the polynomial \( g(x) = x^3 - 14x^2 + 18x + 72 \), we can use the Rational Root Theorem. This theorem states that any rational root, in this case an integer root, must be a factor of the constant term (72).

First, let's list the factors of 72. The factors of 72 are:
\[
\pm 1, \pm 2, \pm 3, \pm 4, \pm 6, \pm 8, \pm 9, \pm 12, \pm 18, \pm 24, \pm 36, \pm 72
\]

Next, we will evaluate \( g(x) \) at these integer factors to see which one yields zero. 

Let's start by checking a few of these factors. I'll begin with \( x = 1 \). 

Now, I will calculate \( g(1) \).
Tool Calls:
  sympy_execute (call_amMIJQoalfBI0vpvk6tbGLNR)
 Call ID: call_amMIJQoalfBI0vpvk6tbGLNR
  Args:
    code: from sympy import symbols
x = symbols('x')
g = x**3 - 14*x**2 + 18*x + 72
g.subs(x, 1)
================================= Tool Message =================================
Name: sympy_execute

Executing code:

x = symbols('x')
g = x**3 - 14*x**2 + 18*x + 72
g.subs(x, 1)

Result: 77
================================== Ai Message ==================================

Evaluating \( g(1) \) gives us 77, which means \( x = 1 \) is not a root.

Next, let's check \( x = 2 \). I will calculate \( g(2) \).
Tool Calls:
  sympy_execute (call_TNWtgYbczqk2msHTpWNmNxfN)
 Call ID: call_TNWtgYbczqk2msHTpWNmNxfN
  Args:
    code: g.subs(x, 2)
================================= Tool Message =================================
Name: sympy_execute

Executing code:
g.subs(x, 2)

Result: 60
================================== Ai Message ==================================

Evaluating \( g(2) \) gives us 60, which means \( x = 2 \) is not a root.

Next, let's check \( x = 3 \). I will calculate \( g(3) \).
Tool Calls:
  sympy_execute (call_Q9IMgw6NuSgIUl8laGKRaCuW)
 Call ID: call_Q9IMgw6NuSgIUl8laGKRaCuW
  Args:
    code: g.subs(x, 3)
================================= Tool Message =================================
Name: sympy_execute

Executing code:
g.subs(x, 3)

Result: 27
================================== Ai Message ==================================

Evaluating \( g(3) \) gives us 27, which means \( x = 3 \) is not a root.

Next, let's check \( x = 4 \). I will calculate \( g(4) \).
Tool Calls:
  sympy_execute (call_M1JomeHKZpcRKpBQlexho5w7)
 Call ID: call_M1JomeHKZpcRKpBQlexho5w7
  Args:
    code: g.subs(x, 4)
================================= Tool Message =================================
Name: sympy_execute

Executing code:
g.subs(x, 4)

Result: -16
================================== Ai Message ==================================

Evaluating \( g(4) \) gives us -16, which means \( x = 4 \) is not a root.

Next, let's check \( x = 6 \). I will calculate \( g(6) \).
Tool Calls:
  sympy_execute (call_PFWiLTpW1x1RjBJvOoWsH0vN)
 Call ID: call_PFWiLTpW1x1RjBJvOoWsH0vN
  Args:
    code: g.subs(x, 6)
================================= Tool Message =================================
Name: sympy_execute

Executing code:
g.subs(x, 6)

Result: -108
================================== Ai Message ==================================

Evaluating \( g(6) \) gives us -108, which means \( x = 6 \) is not a root.

Next, let's check \( x = 8 \). I will calculate \( g(8) \).
Tool Calls:
  sympy_execute (call_tbjeq19fAPmlgWQGtonD2xZt)
 Call ID: call_tbjeq19fAPmlgWQGtonD2xZt
  Args:
    code: g.subs(x, 8)
================================= Tool Message =================================
Name: sympy_execute

Executing code:
g.subs(x, 8)

Result: -168
================================== Ai Message ==================================

Evaluating \( g(8) \) gives us -168, which means \( x = 8 \) is not a root.

Next, let's check \( x = 9 \). I will calculate \( g(9) \).
Tool Calls:
  sympy_execute (call_nSjxwzgPjv2GU2caP16mcVQ5)
 Call ID: call_nSjxwzgPjv2GU2caP16mcVQ5
  Args:
    code: g.subs(x, 9)
================================= Tool Message =================================
Name: sympy_execute

Executing code:
g.subs(x, 9)

Result: -171
================================== Ai Message ==================================

Evaluating \( g(9) \) gives us -171, which means \( x = 9 \) is not a root.

Next, let's check \( x = 12 \). I will calculate \( g(12) \).
Tool Calls:
  sympy_execute (call_sNNYdAAKtjSR6Ou1C3Gij9dk)
 Call ID: call_sNNYdAAKtjSR6Ou1C3Gij9dk
  Args:
    code: g.subs(x, 12)
================================= Tool Message =================================
Name: sympy_execute

Executing code:
g.subs(x, 12)

Result: 0
================================== Ai Message ==================================

Evaluating \( g(12) \) gives us 0, which means \( x = 12 \) is indeed a root of the polynomial.

Therefore, the final answer is: \(\boxed{12}\). I hope it is correct.
