================================ System Message ================================


## Instruction
You will be given a math problem.

Do not solve the problem in one go. Rather, solve it step by step.
Your next reply should either be a new step, or a conclusion that solves the entire problem.

For each step, first write down your thoughts from the previous observation, 
then use the `sympy_execute` tool to execute sympy code.

When you are done, conclude with:

Therefore, the final answer is: $\boxed{answer}$. I hope it is correct.

Where [answer] is just the final number or expression that solves the problem.

================================ Human Message =================================

A chord of a circle is perpendicular to a radius at the midpoint of the radius. The ratio of the area of the larger of the two regions into which the chord divides the circle to the smaller can be expressed in the form $\displaystyle
{{a\pi+b\sqrt{c}}\over{d\pi-e\sqrt{f}}}$, where $a$, $b$, $c$, $d$, $e$, and $f$ are positive integers, $a$ and $e$ are relatively prime, and neither $c$ nor $f$ is divisible by the square of any prime.  Find the remainder when the product $a\cdot
b\cdot c\cdot d\cdot e\cdot f$ is divided by 1000.
================================== Ai Message ==================================

To solve the problem, we start by visualizing the situation described. We have a circle with a radius \( r \) and a chord that is perpendicular to a radius at its midpoint. This means that the chord divides the circle into two regions: one larger and one smaller.

1. **Identify the Geometry**: 
   - The radius intersects the chord at its midpoint, creating two right triangles on either side of the chord.
   - The length of the chord can be determined using the Pythagorean theorem.

2. **Determine the Length of the Chord**:
   - Let the distance from the center of the circle to the chord be \( d \). The length of the chord \( L \) can be expressed as:
     \[
     L = 2\sqrt{r^2 - d^2}
     \]

3. **Calculate the Areas**:
   - The area of the circle is \( A_{\text{circle}} = \pi r^2 \).
   - The area of the triangle formed by the radius and half the chord can be calculated as:
     \[
     A_{\text{triangle}} = \frac{1}{2} \times d \times \sqrt{r^2 - d^2}
     \]
   - The area of the segment formed by the chord can be calculated as:
     \[
     A_{\text{segment}} = A_{\text{sector}} - A_{\text{triangle}}
     \]
   - The area of the sector corresponding to the angle \( \theta \) can be calculated using the formula:
     \[
     A_{\text{sector}} = \frac{1}{2} r^2 \theta
     \]
   - The angle \( \theta \) can be found using the relationship:
     \[
     \cos(\theta/2) = \frac{d}{r}
     \]

4. **Find the Ratio of Areas**:
   - The larger area will be the area of the circle minus the area of the smaller segment.
   - The ratio of the larger area to the smaller area can be expressed as:
     \[
     \text{Ratio} = \frac{A_{\text{larger}}}{A_{\text{smaller}}}
     \]

Next, I will calculate the specific areas and the ratio step by step. Let's start by calculating the length of the chord and the areas involved. 

For simplicity, let's assume \( d = \frac{r}{2} \) (the midpoint of the radius). 

Now, I will calculate the length of the chord \( L \) when \( d = \frac{r}{2} \). 

Let's execute the code for this calculation.
Tool Calls:
  sympy_execute (call_t5f1Qp0zYp65e4htobRnF0xC)
 Call ID: call_t5f1Qp0zYp65e4htobRnF0xC
  Args:
    code: from sympy import symbols, sqrt
r = symbols('r')
d = r / 2
L = 2 * sqrt(r**2 - d**2)
L
================================= Tool Message =================================
Name: sympy_execute

Executing code:

r = symbols('r')
d = r / 2
L = 2 * sqrt(r**2 - d**2)
L

Result: sqrt(3)*sqrt(r**2)
================================== Ai Message ==================================

The length of the chord \( L \) when \( d = \frac{r}{2} \) is given by:

\[
L = \sqrt{3} r
\]

Next, we will calculate the area of the circle, the area of the sector, and the area of the triangle formed by the radius and half the chord.

1. **Area of the Circle**:
   \[
   A_{\text{circle}} = \pi r^2
   \]

2. **Calculate the Angle \( \theta \)**:
   Using the cosine relationship:
   \[
   \cos(\theta/2) = \frac{d}{r} = \frac{1}{2}
   \]
   This implies:
   \[
   \theta/2 = \frac{\pi}{3} \quad \Rightarrow \quad \theta = \frac{2\pi}{3}
   \]

3. **Area of the Sector**:
   \[
   A_{\text{sector}} = \frac{1}{2} r^2 \theta = \frac{1}{2} r^2 \cdot \frac{2\pi}{3} = \frac{\pi r^2}{3}
   \]

4. **Area of the Triangle**:
   The height of the triangle is \( d = \frac{r}{2} \) and the base is \( L = \sqrt{3} r \):
   \[
   A_{\text{triangle}} = \frac{1}{2} \times \text{base} \times \text{height} = \frac{1}{2} \times \sqrt{3} r \times \frac{r}{2} = \frac{\sqrt{3} r^2}{4}
   \]

5. **Area of the Segment**:
   \[
   A_{\text{segment}} = A_{\text{sector}} - A_{\text{triangle}} = \frac{\pi r^2}{3} - \frac{\sqrt{3} r^2}{4}
   \]

Now, let's calculate the area of the segment. I will execute the code for this calculation.
Tool Calls:
  sympy_execute (call_baHpYWOy9AWi9pW9RjEoM4N6)
 Call ID: call_baHpYWOy9AWi9pW9RjEoM4N6
  Args:
    code: from sympy import pi
A_sector = (pi * r**2) / 3
A_triangle = (sqrt(3) * r**2) / 4
A_segment = A_sector - A_triangle
A_segment
================================= Tool Message =================================
Name: sympy_execute

Executing code:

A_sector = (pi * r**2) / 3
A_triangle = (sqrt(3) * r**2) / 4
A_segment = A_sector - A_triangle
A_segment

Result: -sqrt(3)*r**2/4 + pi*r**2/3
================================== Ai Message ==================================

The area of the segment is given by:

\[
A_{\text{segment}} = \frac{\pi r^2}{3} - \frac{\sqrt{3} r^2}{4}
\]

Next, we need to find the area of the larger region. The area of the larger region is the area of the circle minus the area of the segment:

\[
A_{\text{larger}} = A_{\text{circle}} - A_{\text{segment}} = \pi r^2 - \left( \frac{\pi r^2}{3} - \frac{\sqrt{3} r^2}{4} \right)
\]

Now, let's simplify this expression for \( A_{\text{larger}} \). I will execute the code for this calculation.
Tool Calls:
  sympy_execute (call_tyWq3LJXdG7BvKf7BoipHzYM)
 Call ID: call_tyWq3LJXdG7BvKf7BoipHzYM
  Args:
    code: A_circle = pi * r**2
A_larger = A_circle - A_segment
A_larger
================================= Tool Message =================================
Name: sympy_execute

Executing code:
A_circle = pi * r**2
A_larger = A_circle - A_segment
A_larger

Result: sqrt(3)*r**2/4 + 2*pi*r**2/3
================================== Ai Message ==================================

The area of the larger region is given by:

\[
A_{\text{larger}} = \frac{\sqrt{3} r^2}{4} + \frac{2\pi r^2}{3}
\]

Now, we can find the area of the smaller region, which is simply the area of the segment we calculated earlier:

\[
A_{\text{smaller}} = A_{\text{segment}} = \frac{\pi r^2}{3} - \frac{\sqrt{3} r^2}{4}
\]

Next, we will calculate the ratio of the areas of the larger region to the smaller region:

\[
\text{Ratio} = \frac{A_{\text{larger}}}{A_{\text{smaller}}}
\]

Let's compute this ratio. I will execute the code for this calculation.
Tool Calls:
  sympy_execute (call_nGLtj0ipXgfWWqtvDCIzsBEV)
 Call ID: call_nGLtj0ipXgfWWqtvDCIzsBEV
  Args:
    code: A_smaller = A_segment
ratio = A_larger / A_smaller
ratio
================================= Tool Message =================================
Name: sympy_execute

Executing code:
A_smaller = A_segment
ratio = A_larger / A_smaller
ratio

Result: (sqrt(3)*r**2/4 + 2*pi*r**2/3)/(-sqrt(3)*r**2/4 + pi*r**2/3)
================================== Ai Message ==================================

The ratio of the areas of the larger region to the smaller region is given by:

\[
\text{Ratio} = \frac{\frac{\sqrt{3} r^2}{4} + \frac{2\pi r^2}{3}}{-\frac{\sqrt{3} r^2}{4} + \frac{\pi r^2}{3}}
\]

Next, we can simplify this expression. We will factor out \( r^2 \) from both the numerator and the denominator, which will cancel out. Thus, we can focus on simplifying the ratio:

\[
\text{Ratio} = \frac{\frac{\sqrt{3}}{4} + \frac{2\pi}{3}}{-\frac{\sqrt{3}}{4} + \frac{\pi}{3}}
\]

Now, let's simplify this expression further. I will execute the code for this simplification.
Tool Calls:
  sympy_execute (call_eqQrMhrDOp1of88yamXcat6E)
 Call ID: call_eqQrMhrDOp1of88yamXcat6E
  Args:
    code: from sympy import simplify
numerator = (sqrt(3)/4) + (2*pi/3)
denominator = (-sqrt(3)/4) + (pi/3)
simplified_ratio = simplify(numerator / denominator)
simplified_ratio
================================= Tool Message =================================
Name: sympy_execute

Executing code:

numerator = (sqrt(3)/4) + (2*pi/3)
denominator = (-sqrt(3)/4) + (pi/3)
simplified_ratio = simplify(numerator / denominator)
simplified_ratio

Result: (3*sqrt(3) + 8*pi)/(-3*sqrt(3) + 4*pi)
================================== Ai Message ==================================

The simplified ratio of the areas of the larger region to the smaller region is:

\[
\text{Ratio} = \frac{3\sqrt{3} + 8\pi}{-3\sqrt{3} + 4\pi}
\]

This can be expressed in the form:

\[
\frac{a\pi + b\sqrt{c}}{d\pi - e\sqrt{f}}
\]

where:
- \( a = 8 \)
- \( b = 3 \)
- \( c = 3 \)
- \( d = 4 \)
- \( e = 3 \)
- \( f = 3 \)

Next, we need to find the product \( a \cdot b \cdot c \cdot d \cdot e \cdot f \) and then take the remainder when this product is divided by 1000.

Let's calculate the product and the remainder.
Tool Calls:
  sympy_execute (call_nClEsn6uSwoiV9slNGo4gZ4B)
 Call ID: call_nClEsn6uSwoiV9slNGo4gZ4B
  Args:
    code: a = 8
b = 3
c = 3
d = 4
e = 3
f = 3
product = a * b * c * d * e * f
remainder = product % 1000
remainder
================================= Tool Message =================================
Name: sympy_execute

Executing code:
a = 8
b = 3
c = 3
d = 4
e = 3
f = 3
product = a * b * c * d * e * f
remainder = product % 1000
remainder

Result: 592
================================== Ai Message ==================================

The product \( a \cdot b \cdot c \cdot d \cdot e \cdot f \) is \( 8 \cdot 3 \cdot 3 \cdot 4 \cdot 3 \cdot 3 = 592 \) when taken modulo 1000.

Therefore, the final answer is: \(\boxed{592}\). I hope it is correct.
